info: ╔════════════════════════════════════════════════════════════════════════════════╗
info: ║      Slack 2.6.2, linux 4.8.0-53-generic on x64 at 06/02/17, 13:51:26:658      ║
info: ╚════════════════════════════════════════════════════════════════════════════════╝
info: 2017/6/2 13:51:27.700  booted! pri:0 version:1496432357 start_ms:1496433087695 (5ms ago)
info: 2017/6/2 13:51:27.921  _onDOMReady
info: 2017/6/2 13:51:27.922  session_load_count_client: 1
info: 2017/6/2 13:51:27.923  Connecting to: wss://mpmulti-p8xm.slack-msgs.com/?flannel=1&token=REDACTED&start_args=%3Fagent%3Dwebapp_c822c7fb283156cb47457cb9441cf6901e4e1a9c%26simple_latest%3Dtrue%26no_unreads%3Dtrue%26no_users%3Dtrue%26no_bots%3Dtrue%26cache_ts%3D0%26no_members%3D1%26presence_sub%3Dtrue%26mpim_aware%3Dtrue%26only_relevant_ims%3Dtrue%26canonical_avatars%3Dtrue%26eac_cache_ts%3Dtrue&version_uid=c822c7fb283156cb47457cb9441cf6901e4e1a9c&_x_connection_log=&batch_presence_aware=1&no_annotations=1
info: 2017/6/2 13:51:27.927  Initializing provisional MS connection and fetching rtm.start over the socket
warn: 2017/6/2 13:51:27.930  storage_version: does not match TS.storage.version:0.85 so flushing all our keys: is_compressed
info: 2017/6/2 13:51:27.930  _disabled:false
info: 2017/6/2 13:51:27.931  Setting calling_rtm_start to true
info: 2017/6/2 13:51:27.931  Starting incremental boot
info: ╔════════════════════════════════════════════════════════════════════════════════╗
info: ║      Slack 2.6.2, linux 4.8.0-53-generic on x64 at 06/02/17, 13:51:28:183      ║
info: ╚════════════════════════════════════════════════════════════════════════════════╝
info: 2017/6/2 13:51:29.239  booted! pri:0 version:1496432357 start_ms:1496433089234 (4ms ago)
info: 2017/6/2 13:51:29.408  _onDOMReady
info: 2017/6/2 13:51:29.409  session_load_count_client: 1
info: 2017/6/2 13:51:29.411  Connecting to: wss://mpmulti-ywt1.slack-msgs.com/?flannel=1&token=REDACTED&start_args=%3Fagent%3Dwebapp_c822c7fb283156cb47457cb9441cf6901e4e1a9c%26simple_latest%3Dtrue%26no_unreads%3Dtrue%26no_users%3Dtrue%26no_bots%3Dtrue%26cache_ts%3D0%26no_members%3D1%26presence_sub%3Dtrue%26mpim_aware%3Dtrue%26only_relevant_ims%3Dtrue%26canonical_avatars%3Dtrue%26eac_cache_ts%3Dtrue&version_uid=c822c7fb283156cb47457cb9441cf6901e4e1a9c&_x_connection_log=&batch_presence_aware=1&no_annotations=1
info: 2017/6/2 13:51:29.415  Initializing provisional MS connection and fetching rtm.start over the socket
warn: 2017/6/2 13:51:29.417  TS.storage.fetchLastEventTS() is empty so flushing channel data
info: 2017/6/2 13:51:29.418  _disabled:false
info: 2017/6/2 13:51:29.418  Setting calling_rtm_start to true
info: 2017/6/2 13:51:29.419  Starting incremental boot
info: 2017/6/2 13:51:29.653  TS.model.supports_user_bot_caching:true
TS.storage.isUsingMemberBotCache():false
args.cache_ts:undefined
api args: {"canonical_avatars":true,"include_full_users":true,"count":49,"ignore_replies":true,"no_members":true,"token":"REDACTED","_attempts":1}
members from LS:0, from updated_users in rtm.start:22 (slackbot will always be here)
bots from LS:0, from updated_bots in rtm.start:0
info: 2017/6/2 13:51:29.655  open channels/groups/ims:1 initial_msgs_cnt:42 subsequent_msgs_cnt:84 special_initial_msgs_cnt:84
info: 2017/6/2 13:51:29.885  Finalizing incremental boot
warn: 2017/6/2 13:51:29.886  652ms from first html to login_sig.dispatch()
info: 2017/6/2 13:51:30.419  User id: U4AS4G031, team id: T12AS2C06
info: 2017/6/2 13:51:30.436  Provisional WebSocket received a message of type hello
info: 2017/6/2 13:51:30.437  Got rtm.start data but need to fetch 3 members
info: 2017/6/2 13:51:30.438  Provisional WebSocket received a message of type reconnect_url
info: 2017/6/2 13:51:30.556  Provisional WebSocket received a message of type flannel
info: 2017/6/2 13:51:30.561  Got 3 members for rtm.start :tada:
info: 2017/6/2 13:51:30.561  Setting calling_rtm_start to false (after rtm.start from Flannel)
info: 2017/6/2 13:51:30.565  TS.model.supports_user_bot_caching:true
TS.storage.isUsingMemberBotCache():false
args.cache_ts:undefined
api args: {}
members from LS:0, from updated_users in rtm.start:3 (slackbot will always be here)
bots from LS:0, from updated_bots in rtm.start:0
info: 2017/6/2 13:51:30.571  open channels/groups/ims:6 initial_msgs_cnt:42 subsequent_msgs_cnt:84 special_initial_msgs_cnt:84
info: 2017/6/2 13:51:30.572  Completed incremental boot
info: 2017/6/2 13:51:30.860  Finalizing provisional MS connection
info: 2017/6/2 13:51:30.860  MS WS connected!
info: 2017/6/2 13:51:30.861  Hello msg recvd, since_last_pong_ms:1496433090861
info: 2017/6/2 13:51:30.861  host_id: flannel216-993, server_version: build-id:780-5f2d49aa43f695f63d69081d6a511a0b2bc797c1-build-slave34-2017-05-23T17:41:43-0700 golang:go1.8
info: 2017/6/2 13:51:30.866  Hiding the reconnection banner because we are connected
info: 2017/6/2 13:51:30.995  Email display hidden for this team. Client model OK. ✓
info: 2017/6/2 13:51:30.998  User id: U4AS4G031, team id: T12AS2C06
info: 2017/6/2 13:51:31.540  Finished processing users.counts
info: 2017/6/2 13:51:31.540  0 IMs with unreads, 0 total dm_count
info: ╔════════════════════════════════════════════════════════════════════════════════╗
info: ║      Slack 2.6.2, linux 4.8.0-53-generic on x64 at 06/02/17, 13:58:45:898      ║
info: ╚════════════════════════════════════════════════════════════════════════════════╝
info: 2017/6/2 13:58:48.598  booted! pri:0 version:1496432357 start_ms:1496433528577 (18ms ago)
info: 2017/6/2 13:58:49.121  _onDOMReady
info: 2017/6/2 13:58:49.125  session_load_count_client: 1
info: 2017/6/2 13:58:49.142  Connecting to: wss://mpmulti-xjsu.slack-msgs.com/?flannel=1&token=REDACTED&start_args=%3Fagent%3Dwebapp_c822c7fb283156cb47457cb9441cf6901e4e1a9c%26simple_latest%3Dtrue%26no_unreads%3Dtrue%26no_users%3Dtrue%26no_bots%3Dtrue%26cache_ts%3D0%26no_members%3D1%26presence_sub%3Dtrue%26mpim_aware%3Dtrue%26only_relevant_ims%3Dtrue%26canonical_avatars%3Dtrue%26eac_cache_ts%3Dtrue&version_uid=c822c7fb283156cb47457cb9441cf6901e4e1a9c&_x_connection_log=&batch_presence_aware=1&no_annotations=1
info: 2017/6/2 13:58:49.149  Initializing provisional MS connection and fetching rtm.start over the socket
warn: 2017/6/2 13:58:49.163  TS.storage.fetchLastEventTS() is empty so flushing channel data
info: 2017/6/2 13:58:49.165  _disabled:false
info: 2017/6/2 13:58:49.172  Setting calling_rtm_start to true
info: 2017/6/2 13:58:49.173  Starting incremental boot
info: 2017/6/2 13:58:49.659  TS.model.supports_user_bot_caching:true
TS.storage.isUsingMemberBotCache():false
args.cache_ts:undefined
api args: {"canonical_avatars":true,"include_full_users":true,"count":49,"ignore_replies":true,"channel":"C12AZEZPH","no_members":true,"token":"REDACTED","_attempts":1}
members from LS:0, from updated_users in rtm.start:22 (slackbot will always be here)
bots from LS:0, from updated_bots in rtm.start:0
info: 2017/6/2 13:58:49.662  open channels/groups/ims:1 initial_msgs_cnt:42 subsequent_msgs_cnt:84 special_initial_msgs_cnt:84
info: 2017/6/2 13:58:49.834  Finalizing incremental boot
warn: 2017/6/2 13:58:49.836  1259ms from first html to login_sig.dispatch()
info: 2017/6/2 13:58:51.415  User id: U4AS4G031, team id: T12AS2C06
info: 2017/6/2 13:58:51.485  Provisional WebSocket received a message of type hello
info: 2017/6/2 13:58:51.486  Got rtm.start data but need to fetch 3 members
info: 2017/6/2 13:58:51.495  Provisional WebSocket received a message of type reconnect_url
info: 2017/6/2 13:58:51.496  Provisional WebSocket received a message of type flannel
info: 2017/6/2 13:58:52.284  Got 3 members for rtm.start :tada:
info: 2017/6/2 13:58:52.284  Setting calling_rtm_start to false (after rtm.start from Flannel)
info: 2017/6/2 13:58:52.289  TS.model.supports_user_bot_caching:true
TS.storage.isUsingMemberBotCache():false
args.cache_ts:undefined
api args: {}
members from LS:0, from updated_users in rtm.start:3 (slackbot will always be here)
bots from LS:0, from updated_bots in rtm.start:0
info: 2017/6/2 13:58:52.297  open channels/groups/ims:6 initial_msgs_cnt:42 subsequent_msgs_cnt:84 special_initial_msgs_cnt:84
info: 2017/6/2 13:58:52.299  Completed incremental boot
info: 2017/6/2 13:58:53.196  Finalizing provisional MS connection
info: 2017/6/2 13:58:53.196  MS WS connected!
info: 2017/6/2 13:58:53.197  Hello msg recvd, since_last_pong_ms:1496433533197
info: 2017/6/2 13:58:53.197  host_id: flannel216-993, server_version: build-id:780-5f2d49aa43f695f63d69081d6a511a0b2bc797c1-build-slave34-2017-05-23T17:41:43-0700 golang:go1.8
info: 2017/6/2 13:58:53.206  Hiding the reconnection banner because we are connected
info: 2017/6/2 13:58:53.543  Email display hidden for this team. Client model OK. ✓
info: 2017/6/2 13:58:53.547  User id: U4AS4G031, team id: T12AS2C06
info: 2017/6/2 13:58:53.670  Finished processing users.counts
info: 2017/6/2 13:58:53.670  0 IMs with unreads, 0 total dm_count
info: ╔════════════════════════════════════════════════════════════════════════════════╗
info: ║      Slack 2.6.2, linux 4.8.0-53-generic on x64 at 06/02/17, 14:31:57:078      ║
info: ╚════════════════════════════════════════════════════════════════════════════════╝
info: 2017/6/2 14:32:00.361  booted! pri:0 version:1496434750 start_ms:1496435520353 (7ms ago)
info: 2017/6/2 14:32:01.350  _onDOMReady
info: 2017/6/2 14:32:01.360  session_load_count_client: 1
info: 2017/6/2 14:32:01.363  Connecting to: wss://mpmulti-nzsa.slack-msgs.com/?flannel=1&token=REDACTED&start_args=%3Fagent%3Dwebapp_8823071bfd9aa98aa1bb9a05400eca1a263d9232%26simple_latest%3Dtrue%26no_unreads%3Dtrue%26no_users%3Dtrue%26no_bots%3Dtrue%26cache_ts%3D0%26no_members%3D1%26presence_sub%3Dtrue%26mpim_aware%3Dtrue%26only_relevant_ims%3Dtrue%26canonical_avatars%3Dtrue%26eac_cache_ts%3Dtrue&version_uid=8823071bfd9aa98aa1bb9a05400eca1a263d9232&_x_connection_log=&batch_presence_aware=1&no_annotations=1
info: 2017/6/2 14:32:01.368  Initializing provisional MS connection and fetching rtm.start over the socket
warn: 2017/6/2 14:32:01.372  TS.storage.fetchLastEventTS() is empty so flushing channel data
info: 2017/6/2 14:32:01.373  _disabled:false
info: 2017/6/2 14:32:01.375  Setting calling_rtm_start to true
info: 2017/6/2 14:32:01.376  Starting incremental boot
info: 2017/6/2 14:32:01.990  TS.model.supports_user_bot_caching:true
TS.storage.isUsingMemberBotCache():false
args.cache_ts:undefined
api args: {"canonical_avatars":true,"include_full_users":true,"count":49,"ignore_replies":true,"channel":"C12AZEZPH","no_members":true,"token":"REDACTED","_attempts":1}
members from LS:0, from updated_users in rtm.start:22 (slackbot will always be here)
bots from LS:0, from updated_bots in rtm.start:0
info: 2017/6/2 14:32:01.993  open channels/groups/ims:1 initial_msgs_cnt:42 subsequent_msgs_cnt:84 special_initial_msgs_cnt:84
info: 2017/6/2 14:32:02.256  Finalizing incremental boot
warn: 2017/6/2 14:32:02.257  1904ms from first html to login_sig.dispatch()
info: 2017/6/2 14:32:04.485  User id: U4AS4G031, team id: T12AS2C06
info: 2017/6/2 14:32:04.544  Provisional WebSocket received a message of type hello
info: 2017/6/2 14:32:04.544  Got rtm.start data but need to fetch 3 members
info: 2017/6/2 14:32:04.552  Provisional WebSocket received a message of type reconnect_url
info: 2017/6/2 14:32:05.428  Provisional WebSocket received a message of type flannel
info: 2017/6/2 14:32:05.465  Got 3 members for rtm.start :tada:
info: 2017/6/2 14:32:05.478  Setting calling_rtm_start to false (after rtm.start from Flannel)
info: 2017/6/2 14:32:05.489  TS.model.supports_user_bot_caching:true
TS.storage.isUsingMemberBotCache():false
args.cache_ts:undefined
api args: {}
members from LS:0, from updated_users in rtm.start:3 (slackbot will always be here)
bots from LS:0, from updated_bots in rtm.start:0
info: 2017/6/2 14:32:05.506  open channels/groups/ims:6 initial_msgs_cnt:42 subsequent_msgs_cnt:84 special_initial_msgs_cnt:84
info: 2017/6/2 14:32:05.516  Completed incremental boot
info: 2017/6/2 14:32:06.629  Finalizing provisional MS connection
info: 2017/6/2 14:32:06.630  MS WS connected!
info: 2017/6/2 14:32:06.631  Hello msg recvd, since_last_pong_ms:1496435526631
info: 2017/6/2 14:32:06.631  host_id: flannel216-993, server_version: build-id:780-5f2d49aa43f695f63d69081d6a511a0b2bc797c1-build-slave34-2017-05-23T17:41:43-0700 golang:go1.8
info: 2017/6/2 14:32:06.661  Hiding the reconnection banner because we are connected
info: 2017/6/2 14:32:06.999  Email display hidden for this team. Client model OK. ✓
info: 2017/6/2 14:32:07.110  User id: U4AS4G031, team id: T12AS2C06
info: 2017/6/2 14:32:07.108  Finished processing users.counts
info: 2017/6/2 14:32:07.108  0 IMs with unreads, 0 total dm_count
info: ╔════════════════════════════════════════════════════════════════════════════════╗
info: ║      Slack 2.6.2, linux 4.8.0-53-generic on x64 at 06/02/17, 14:33:52:050      ║
info: ╚════════════════════════════════════════════════════════════════════════════════╝
info: 2017/6/2 14:33:55.762  booted! pri:0 version:1496434750 start_ms:1496435635753 (8ms ago)
info: 2017/6/2 14:33:56.301  _onDOMReady
info: 2017/6/2 14:33:56.308  session_load_count_client: 1
info: 2017/6/2 14:33:56.311  Connecting to: wss://mpmulti-eu96.slack-msgs.com/?flannel=1&token=REDACTED&start_args=%3Fagent%3Dwebapp_8823071bfd9aa98aa1bb9a05400eca1a263d9232%26simple_latest%3Dtrue%26no_unreads%3Dtrue%26no_users%3Dtrue%26no_bots%3Dtrue%26cache_ts%3D0%26no_members%3D1%26presence_sub%3Dtrue%26mpim_aware%3Dtrue%26only_relevant_ims%3Dtrue%26canonical_avatars%3Dtrue%26eac_cache_ts%3Dtrue&version_uid=8823071bfd9aa98aa1bb9a05400eca1a263d9232&_x_connection_log=&batch_presence_aware=1&no_annotations=1
info: 2017/6/2 14:33:56.323  Initializing provisional MS connection and fetching rtm.start over the socket
warn: 2017/6/2 14:33:56.335  TS.storage.fetchLastEventTS() is empty so flushing channel data
info: 2017/6/2 14:33:56.339  _disabled:false
info: 2017/6/2 14:33:56.341  Setting calling_rtm_start to true
info: 2017/6/2 14:33:56.341  Starting incremental boot
info: 2017/6/2 14:33:56.760  TS.model.supports_user_bot_caching:true
TS.storage.isUsingMemberBotCache():false
args.cache_ts:undefined
api args: {"canonical_avatars":true,"include_full_users":true,"count":49,"ignore_replies":true,"channel":"C12AZEZPH","no_members":true,"token":"REDACTED","_attempts":1}
members from LS:0, from updated_users in rtm.start:22 (slackbot will always be here)
bots from LS:0, from updated_bots in rtm.start:0
info: 2017/6/2 14:33:56.763  open channels/groups/ims:1 initial_msgs_cnt:42 subsequent_msgs_cnt:84 special_initial_msgs_cnt:84
info: 2017/6/2 14:33:57.111  Finalizing incremental boot
warn: 2017/6/2 14:33:57.112  1359ms from first html to login_sig.dispatch()
info: 2017/6/2 14:33:59.330  User id: U4AS4G031, team id: T12AS2C06
info: 2017/6/2 14:33:59.790  Provisional WebSocket received a message of type hello
info: 2017/6/2 14:33:59.800  Got rtm.start data but need to fetch 3 members
info: 2017/6/2 14:33:59.810  Provisional WebSocket received a message of type reconnect_url
info: 2017/6/2 14:33:59.717  Got 3 members for rtm.start :tada:
info: 2017/6/2 14:33:59.717  Setting calling_rtm_start to false (after rtm.start from Flannel)
info: 2017/6/2 14:33:59.725  TS.model.supports_user_bot_caching:true
TS.storage.isUsingMemberBotCache():false
args.cache_ts:undefined
api args: {}
members from LS:0, from updated_users in rtm.start:3 (slackbot will always be here)
bots from LS:0, from updated_bots in rtm.start:0
info: 2017/6/2 14:33:59.745  open channels/groups/ims:6 initial_msgs_cnt:42 subsequent_msgs_cnt:84 special_initial_msgs_cnt:84
info: 2017/6/2 14:33:59.750  Completed incremental boot
info: 2017/6/2 14:34:00.862  Finalizing provisional MS connection
info: 2017/6/2 14:34:00.863  MS WS connected!
info: 2017/6/2 14:34:00.864  Hello msg recvd, since_last_pong_ms:1496435640864
info: 2017/6/2 14:34:00.864  host_id: flannel216-993, server_version: build-id:780-5f2d49aa43f695f63d69081d6a511a0b2bc797c1-build-slave34-2017-05-23T17:41:43-0700 golang:go1.8
info: 2017/6/2 14:34:00.887  Hiding the reconnection banner because we are connected
info: 2017/6/2 14:34:01.281  Email display hidden for this team. Client model OK. ✓
info: 2017/6/2 14:34:01.285  User id: U4AS4G031, team id: T12AS2C06
info: 2017/6/2 14:34:01.367  Finished processing users.counts
info: 2017/6/2 14:34:01.367  0 IMs with unreads, 0 total dm_count
info: ╔════════════════════════════════════════════════════════════════════════════════╗
info: ║      Slack 2.6.2, linux 4.8.0-53-generic on x64 at 06/02/17, 22:31:34:048      ║
info: ╚════════════════════════════════════════════════════════════════════════════════╝
info: 2017/6/2 22:31:37.870  booted! pri:0 version:1496452169 start_ms:1496464297861 (8ms ago)
info: 2017/6/2 22:31:38.669  _onDOMReady
info: 2017/6/2 22:31:38.672  session_load_count_client: 1
warn: 2017/6/2 22:31:38.677  TS.storage.fetchLastEventTS() is empty so flushing channel data
info: 2017/6/2 22:31:38.678  _disabled:false
info: 2017/6/2 22:31:38.680  Setting calling_rtm_start to true
info: 2017/6/2 22:31:38.681  Starting incremental boot
info: 2017/6/2 22:31:38.696  Connecting to: wss://mpmulti-gjre.slack-msgs.com/?flannel=1&token=REDACTED&start_args=%3Fagent%3Dwebapp_5d29f1d74e78ad2fe23bb176b575bec20b144a7e%26simple_latest%3Dtrue%26no_unreads%3Dtrue%26no_users%3Dtrue%26no_bots%3Dtrue%26cache_ts%3D0%26no_members%3D1%26presence_sub%3Dtrue%26mpim_aware%3Dtrue%26only_relevant_ims%3Dtrue%26canonical_avatars%3Dtrue%26eac_cache_ts%3Dtrue&version_uid=5d29f1d74e78ad2fe23bb176b575bec20b144a7e&_x_connection_log=login-0-1496464299&batch_presence_aware=1&no_annotations=1
info: 2017/6/2 22:31:38.702  Initializing provisional MS connection and fetching rtm.start over the socket
info: 2017/6/2 22:31:39.161  TS.model.supports_user_bot_caching:true
TS.storage.isUsingMemberBotCache():false
args.cache_ts:undefined
api args: {"canonical_avatars":true,"include_full_users":true,"count":49,"ignore_replies":true,"channel":"C12AZEZPH","no_members":true,"token":"REDACTED","_attempts":1}
members from LS:0, from updated_users in rtm.start:22 (slackbot will always be here)
bots from LS:0, from updated_bots in rtm.start:0
info: 2017/6/2 22:31:39.169  open channels/groups/ims:1 initial_msgs_cnt:42 subsequent_msgs_cnt:84 special_initial_msgs_cnt:84
info: 2017/6/2 22:31:39.391  Finalizing incremental boot
warn: 2017/6/2 22:31:39.393  1532ms from first html to login_sig.dispatch()
info: 2017/6/2 22:31:40.892  User id: U4AS4G031, team id: T12AS2C06
info: 2017/6/2 22:31:40.921  Provisional WebSocket received a message of type hello
info: 2017/6/2 22:31:40.921  Got rtm.start data but need to fetch 3 members
info: 2017/6/2 22:31:40.925  Provisional WebSocket received a message of type reconnect_url
info: 2017/6/2 22:31:41.339  Got 3 members for rtm.start :tada:
info: 2017/6/2 22:31:41.340  Setting calling_rtm_start to false (after rtm.start from Flannel)
info: 2017/6/2 22:31:41.345  TS.model.supports_user_bot_caching:true
TS.storage.isUsingMemberBotCache():false
args.cache_ts:undefined
api args: {}
members from LS:0, from updated_users in rtm.start:3 (slackbot will always be here)
bots from LS:0, from updated_bots in rtm.start:0
info: 2017/6/2 22:31:41.359  open channels/groups/ims:6 initial_msgs_cnt:42 subsequent_msgs_cnt:84 special_initial_msgs_cnt:84
info: 2017/6/2 22:31:41.362  Completed incremental boot
info: 2017/6/2 22:31:42.257  Finalizing provisional MS connection
info: 2017/6/2 22:31:42.257  MS WS connected!
info: 2017/6/2 22:31:42.259  Hello msg recvd, since_last_pong_ms:1496464302259
info: 2017/6/2 22:31:42.259  host_id: flannel216-993, server_version: build-id:780-5f2d49aa43f695f63d69081d6a511a0b2bc797c1-build-slave34-2017-05-23T17:41:43-0700 golang:go1.8
info: 2017/6/2 22:31:42.270  Hiding the reconnection banner because we are connected
info: 2017/6/2 22:31:42.519  Email display hidden for this team. Client model OK. ✓
info: 2017/6/2 22:31:42.523  User id: U4AS4G031, team id: T12AS2C06
info: 2017/6/2 22:31:42.632  Finished processing users.counts
info: 2017/6/2 22:31:42.633  0 IMs with unreads, 0 total dm_count
info: ╔════════════════════════════════════════════════════════════════════════════════╗
info: ║      Slack 2.6.2, linux 4.8.0-53-generic on x64 at 06/03/17, 16:48:03:134      ║
info: ╚════════════════════════════════════════════════════════════════════════════════╝
info: 2017/6/3 16:48:06.216  booted! pri:0 version:1496473871 start_ms:1496530086209 (6ms ago)
info: 2017/6/3 16:48:06.640  _onDOMReady
info: 2017/6/3 16:48:06.640  session_load_count_client: 1
warn: 2017/6/3 16:48:06.643  TS.storage.fetchLastEventTS() is empty so flushing channel data
info: 2017/6/3 16:48:06.643  _disabled:false
info: 2017/6/3 16:48:06.644  Setting calling_rtm_start to true
info: 2017/6/3 16:48:06.645  Starting incremental boot
info: 2017/6/3 16:48:06.651  Connecting to: wss://mpmulti-hku3.slack-msgs.com/?flannel=1&token=REDACTED&start_args=%3Fagent%3Dwebapp_af1dcc212f779381926267de62c743098c2203e1%26simple_latest%3Dtrue%26no_unreads%3Dtrue%26no_users%3Dtrue%26no_bots%3Dtrue%26cache_ts%3D0%26no_members%3D1%26presence_sub%3Dtrue%26mpim_aware%3Dtrue%26only_relevant_ims%3Dtrue%26canonical_avatars%3Dtrue%26eac_cache_ts%3Dtrue&version_uid=af1dcc212f779381926267de62c743098c2203e1&_x_connection_log=login-0-1496530087&batch_presence_aware=1&no_annotations=1
info: 2017/6/3 16:48:06.654  Initializing provisional MS connection and fetching rtm.start over the socket
info: 2017/6/3 16:48:07.200  TS.model.supports_user_bot_caching:true
TS.storage.isUsingMemberBotCache():false
args.cache_ts:undefined
api args: {"canonical_avatars":true,"include_full_users":true,"count":49,"ignore_replies":true,"channel":"C12AZEZPH","no_members":true,"token":"REDACTED","_attempts":1}
members from LS:0, from updated_users in rtm.start:22 (slackbot will always be here)
bots from LS:0, from updated_bots in rtm.start:0
info: 2017/6/3 16:48:07.205  open channels/groups/ims:1 initial_msgs_cnt:42 subsequent_msgs_cnt:84 special_initial_msgs_cnt:84
info: 2017/6/3 16:48:07.354  Finalizing incremental boot
warn: 2017/6/3 16:48:07.355  1146ms from first html to login_sig.dispatch()
info: 2017/6/3 16:48:08.580  User id: U4AS4G031, team id: T12AS2C06
info: 2017/6/3 16:48:08.605  Provisional WebSocket received a message of type hello
info: 2017/6/3 16:48:08.606  Got rtm.start data but need to fetch 3 members
info: 2017/6/3 16:48:08.607  Provisional WebSocket received a message of type reconnect_url
info: 2017/6/3 16:48:08.919  Got 3 members for rtm.start :tada:
info: 2017/6/3 16:48:08.921  Setting calling_rtm_start to false (after rtm.start from Flannel)
info: 2017/6/3 16:48:08.925  TS.model.supports_user_bot_caching:true
TS.storage.isUsingMemberBotCache():false
args.cache_ts:undefined
api args: {}
members from LS:0, from updated_users in rtm.start:3 (slackbot will always be here)
bots from LS:0, from updated_bots in rtm.start:0
info: 2017/6/3 16:48:08.942  open channels/groups/ims:6 initial_msgs_cnt:42 subsequent_msgs_cnt:84 special_initial_msgs_cnt:84
info: 2017/6/3 16:48:08.958  Completed incremental boot
info: 2017/6/3 16:48:09.502  Finalizing provisional MS connection
info: 2017/6/3 16:48:09.502  MS WS connected!
info: 2017/6/3 16:48:09.503  Hello msg recvd, since_last_pong_ms:1496530089503
info: 2017/6/3 16:48:09.504  host_id: flannel216-993, server_version: build-id:780-5f2d49aa43f695f63d69081d6a511a0b2bc797c1-build-slave34-2017-05-23T17:41:43-0700 golang:go1.8
info: 2017/6/3 16:48:09.514  Hiding the reconnection banner because we are connected
info: 2017/6/3 16:48:09.772  Email display hidden for this team. Client model OK. ✓
info: 2017/6/3 16:48:09.774  User id: U4AS4G031, team id: T12AS2C06
info: 2017/6/3 16:48:09.824  Finished processing users.counts
info: 2017/6/3 16:48:09.824  0 IMs with unreads, 0 total dm_count
