info: ╔════════════════════════════════════════════════════════════════════════════════╗
info: ║      Slack 2.6.2, linux 4.8.0-52-generic on x64 at 05/30/17, 11:12:55:810      ║
info: ╚════════════════════════════════════════════════════════════════════════════════╝
error: Clearbit error: Your account is over its quota.
info: ╔════════════════════════════════════════════════════════════════════════════════╗
info: ║      Slack 2.6.2, linux 4.8.0-52-generic on x64 at 05/30/17, 11:17:08:893      ║
info: ╚════════════════════════════════════════════════════════════════════════════════╝
error: Clearbit error: Your account is over its quota.
info: ╔════════════════════════════════════════════════════════════════════════════════╗
info: ║      Slack 2.6.2, linux 4.8.0-52-generic on x64 at 05/30/17, 11:24:43:088      ║
info: ╚════════════════════════════════════════════════════════════════════════════════╝
error: Clearbit error: Your account is over its quota.
info: ╔════════════════════════════════════════════════════════════════════════════════╗
info: ║      Slack 2.6.2, linux 4.8.0-52-generic on x64 at 05/30/17, 11:26:33:319      ║
info: ╚════════════════════════════════════════════════════════════════════════════════╝
error: Clearbit error: Your account is over its quota.
info: ╔════════════════════════════════════════════════════════════════════════════════╗
info: ║      Slack 2.6.2, linux 4.8.0-52-generic on x64 at 05/30/17, 11:41:33:921      ║
info: ╚════════════════════════════════════════════════════════════════════════════════╝
error: Clearbit error: Your account is over its quota.
info: ╔════════════════════════════════════════════════════════════════════════════════╗
info: ║      Slack 2.6.2, linux 4.8.0-53-generic on x64 at 05/30/17, 11:42:47:682      ║
info: ╚════════════════════════════════════════════════════════════════════════════════╝
error: Clearbit error: Your account is over its quota.
info: ╔════════════════════════════════════════════════════════════════════════════════╗
info: ║      Slack 2.6.2, linux 4.8.0-53-generic on x64 at 05/30/17, 15:46:58:860      ║
info: ╚════════════════════════════════════════════════════════════════════════════════╝
error: Clearbit error: Your account is over its quota.
info: ╔════════════════════════════════════════════════════════════════════════════════╗
info: ║      Slack 2.6.2, linux 4.8.0-53-generic on x64 at 05/30/17, 20:14:35:894      ║
info: ╚════════════════════════════════════════════════════════════════════════════════╝
error: Clearbit error: Your account is over its quota.
info: ╔════════════════════════════════════════════════════════════════════════════════╗
info: ║      Slack 2.6.2, linux 4.8.0-53-generic on x64 at 05/30/17, 20:31:48:923      ║
info: ╚════════════════════════════════════════════════════════════════════════════════╝
error: Clearbit error: Your account is over its quota.
info: ╔════════════════════════════════════════════════════════════════════════════════╗
info: ║      Slack 2.6.2, linux 4.8.0-53-generic on x64 at 05/30/17, 20:38:17:995      ║
info: ╚════════════════════════════════════════════════════════════════════════════════╝
error: Clearbit error: Your account is over its quota.
info: ╔════════════════════════════════════════════════════════════════════════════════╗
info: ║      Slack 2.6.2, linux 4.8.0-53-generic on x64 at 05/30/17, 22:04:22:381      ║
info: ╚════════════════════════════════════════════════════════════════════════════════╝
error: Clearbit error: Your account is over its quota.
info: ╔════════════════════════════════════════════════════════════════════════════════╗
info: ║      Slack 2.6.2, linux 4.8.0-53-generic on x64 at 05/30/17, 22:19:33:642      ║
info: ╚════════════════════════════════════════════════════════════════════════════════╝
error: Clearbit error: Your account is over its quota.
info: ╔════════════════════════════════════════════════════════════════════════════════╗
info: ║      Slack 2.6.2, linux 4.8.0-53-generic on x64 at 05/31/17, 01:24:58:900      ║
info: ╚════════════════════════════════════════════════════════════════════════════════╝
error: Clearbit error: Your account is over its quota.
info: ╔════════════════════════════════════════════════════════════════════════════════╗
info: ║      Slack 2.6.2, linux 4.8.0-53-generic on x64 at 05/31/17, 11:12:43:186      ║
info: ╚════════════════════════════════════════════════════════════════════════════════╝
error: Clearbit error: Your account is over its quota.
info: ╔════════════════════════════════════════════════════════════════════════════════╗
info: ║      Slack 2.6.2, linux 4.8.0-53-generic on x64 at 05/31/17, 14:17:58:713      ║
info: ╚════════════════════════════════════════════════════════════════════════════════╝
error: Clearbit error: Your account is over its quota.
info: ╔════════════════════════════════════════════════════════════════════════════════╗
info: ║      Slack 2.6.2, linux 4.8.0-53-generic on x64 at 05/31/17, 14:58:29:028      ║
info: ╚════════════════════════════════════════════════════════════════════════════════╝
error: Clearbit error: Your account is over its quota.
info: ╔════════════════════════════════════════════════════════════════════════════════╗
info: ║      Slack 2.6.2, linux 4.8.0-53-generic on x64 at 05/31/17, 15:00:39:456      ║
info: ╚════════════════════════════════════════════════════════════════════════════════╝
error: Clearbit error: Your account is over its quota.
info: ╔════════════════════════════════════════════════════════════════════════════════╗
info: ║      Slack 2.6.2, linux 4.8.0-53-generic on x64 at 05/31/17, 15:06:10:265      ║
info: ╚════════════════════════════════════════════════════════════════════════════════╝
error: Clearbit error: Your account is over its quota.
info: ╔════════════════════════════════════════════════════════════════════════════════╗
info: ║      Slack 2.6.2, linux 4.8.0-53-generic on x64 at 05/31/17, 19:08:54:577      ║
info: ╚════════════════════════════════════════════════════════════════════════════════╝
error: Clearbit error: Your account is over its quota.
info: ╔════════════════════════════════════════════════════════════════════════════════╗
info: ║      Slack 2.6.2, linux 4.8.0-53-generic on x64 at 06/01/17, 14:26:38:498      ║
info: ╚════════════════════════════════════════════════════════════════════════════════╝
error: Clearbit error: Your account is over its quota.
info: ╔════════════════════════════════════════════════════════════════════════════════╗
info: ║      Slack 2.6.2, linux 4.8.0-53-generic on x64 at 06/02/17, 06:45:32:642      ║
info: ╚════════════════════════════════════════════════════════════════════════════════╝
error: Clearbit error: Your account is over its quota.
info: ╔════════════════════════════════════════════════════════════════════════════════╗
info: ║      Slack 2.6.2, linux 4.8.0-53-generic on x64 at 06/02/17, 11:01:48:697      ║
info: ╚════════════════════════════════════════════════════════════════════════════════╝
error: Clearbit error: Your account is over its quota.
info: ╔════════════════════════════════════════════════════════════════════════════════╗
info: ║      Slack 2.6.2, linux 4.8.0-53-generic on x64 at 06/02/17, 13:37:44:122      ║
info: ╚════════════════════════════════════════════════════════════════════════════════╝
error: Clearbit error: Your account is over its quota.
info: 2017/6/2 13:44:49.873  booted! pri:0 version:1496430509 start_ms:1496432689242 (630ms ago)
info: 2017/6/2 13:44:49.877  _onDOMReady
info: 2017/6/2 13:44:49.878  session_load_count_web: 1
info: 2017/6/2 13:44:49.878  no TS.client on page:https://slack.com/get-started
warn: 2017/6/2 13:44:49.879  storage_version: does not match TS.storage.version:0.85 so flushing all our keys: is_compressed
info: 2017/6/2 13:44:49.880  _disabled:false
error: Clearbit error: Your account is over its quota.
warn: 2017/6/2 13:44:49.959  No id on element passed to inputFieldCreated
info: 2017/6/2 13:44:49.975  running without a user
info: ╔════════════════════════════════════════════════════════════════════════════════╗
info: ║      Slack 2.6.2, linux 4.8.0-53-generic on x64 at 06/02/17, 13:48:35:290      ║
info: ╚════════════════════════════════════════════════════════════════════════════════╝
error: Clearbit error: Your account is over its quota.
info: ╔════════════════════════════════════════════════════════════════════════════════╗
info: ║      Slack 2.6.2, linux 4.8.0-53-generic on x64 at 06/02/17, 13:49:01:733      ║
info: ╚════════════════════════════════════════════════════════════════════════════════╝
info: ╔════════════════════════════════════════════════════════════════════════════════╗
info: ║      Slack 2.6.2, linux 4.8.0-53-generic on x64 at 06/02/17, 13:49:41:520      ║
info: ╚════════════════════════════════════════════════════════════════════════════════╝
info: ╔════════════════════════════════════════════════════════════════════════════════╗
info: ║      Slack 2.6.2, linux 4.8.0-53-generic on x64 at 06/02/17, 13:53:44:165      ║
info: ╚════════════════════════════════════════════════════════════════════════════════╝
