[06/02/17, 13:49:41:861] info: ╔════════════════════════════════════════════════════════════════════════════════╗
[06/02/17, 13:49:41:862] info: ║      Slack 2.6.2, linux 4.8.0-53-generic on x64 at 06/02/17, 13:49:41:856      ║
[06/02/17, 13:49:41:863] info: ╚════════════════════════════════════════════════════════════════════════════════╝
[06/02/17, 13:49:47:078] info: Window is unloading, winssb is no longer accessible
[06/02/17, 13:49:47:204] info: Window is unloading, winssb is no longer accessible
[06/02/17, 13:49:47:717] info: ╔════════════════════════════════════════════════════════════════════════════════╗
[06/02/17, 13:49:47:718] info: ║      Slack 2.6.2, linux 4.8.0-53-generic on x64 at 06/02/17, 13:49:47:712      ║
[06/02/17, 13:49:47:718] info: ╚════════════════════════════════════════════════════════════════════════════════╝
[06/02/17, 13:49:53:600] info: Window is unloading, winssb is no longer accessible
[06/02/17, 13:49:54:070] info: ╔════════════════════════════════════════════════════════════════════════════════╗
[06/02/17, 13:49:54:071] info: ║      Slack 2.6.2, linux 4.8.0-53-generic on x64 at 06/02/17, 13:49:54:068      ║
[06/02/17, 13:49:54:072] info: ╚════════════════════════════════════════════════════════════════════════════════╝
[06/02/17, 13:49:57:635] info: Window is unloading, winssb is no longer accessible
[06/02/17, 13:49:57:979] info: ╔════════════════════════════════════════════════════════════════════════════════╗
[06/02/17, 13:49:57:981] info: ║      Slack 2.6.2, linux 4.8.0-53-generic on x64 at 06/02/17, 13:49:57:972      ║
[06/02/17, 13:49:57:982] info: ╚════════════════════════════════════════════════════════════════════════════════╝
[06/02/17, 13:50:00:425] info: Window is unloading, winssb is no longer accessible
[06/02/17, 13:50:00:515] info: Window is unloading, winssb is no longer accessible
[06/02/17, 13:50:01:057] info: ╔════════════════════════════════════════════════════════════════════════════════╗
[06/02/17, 13:50:01:058] info: ║      Slack 2.6.2, linux 4.8.0-53-generic on x64 at 06/02/17, 13:50:01:052      ║
[06/02/17, 13:50:01:059] info: ╚════════════════════════════════════════════════════════════════════════════════╝
[06/02/17, 13:50:08:733] info: Window is unloading, winssb is no longer accessible
[06/02/17, 13:50:09:193] info: ╔════════════════════════════════════════════════════════════════════════════════╗
[06/02/17, 13:50:09:194] info: ║      Slack 2.6.2, linux 4.8.0-53-generic on x64 at 06/02/17, 13:50:09:190      ║
[06/02/17, 13:50:09:195] info: ╚════════════════════════════════════════════════════════════════════════════════╝
[06/02/17, 13:50:11:001] info: Window is unloading, winssb is no longer accessible
[06/02/17, 13:50:11:371] info: ╔════════════════════════════════════════════════════════════════════════════════╗
[06/02/17, 13:50:11:372] info: ║      Slack 2.6.2, linux 4.8.0-53-generic on x64 at 06/02/17, 13:50:11:366      ║
[06/02/17, 13:50:11:372] info: ╚════════════════════════════════════════════════════════════════════════════════╝
[06/02/17, 13:50:16:325] info: Window is unloading, winssb is no longer accessible
[06/02/17, 13:50:16:463] info: Window is unloading, winssb is no longer accessible
[06/02/17, 13:50:16:958] info: ╔════════════════════════════════════════════════════════════════════════════════╗
[06/02/17, 13:50:16:959] info: ║      Slack 2.6.2, linux 4.8.0-53-generic on x64 at 06/02/17, 13:50:16:953      ║
[06/02/17, 13:50:16:959] info: ╚════════════════════════════════════════════════════════════════════════════════╝
[06/02/17, 13:50:26:860] info: Window is unloading, winssb is no longer accessible
[06/02/17, 13:50:27:337] info: ╔════════════════════════════════════════════════════════════════════════════════╗
[06/02/17, 13:50:27:338] info: ║      Slack 2.6.2, linux 4.8.0-53-generic on x64 at 06/02/17, 13:50:27:335      ║
[06/02/17, 13:50:27:339] info: ╚════════════════════════════════════════════════════════════════════════════════╝
[06/02/17, 13:50:28:891] info: Window is unloading, winssb is no longer accessible
[06/02/17, 13:50:29:234] info: ╔════════════════════════════════════════════════════════════════════════════════╗
[06/02/17, 13:50:29:235] info: ║      Slack 2.6.2, linux 4.8.0-53-generic on x64 at 06/02/17, 13:50:29:229      ║
[06/02/17, 13:50:29:236] info: ╚════════════════════════════════════════════════════════════════════════════════╝
[06/02/17, 13:50:33:110] info: Window is unloading, winssb is no longer accessible
[06/02/17, 13:50:33:200] info: Window is unloading, winssb is no longer accessible
[06/02/17, 13:50:33:739] info: ╔════════════════════════════════════════════════════════════════════════════════╗
[06/02/17, 13:50:33:740] info: ║      Slack 2.6.2, linux 4.8.0-53-generic on x64 at 06/02/17, 13:50:33:734      ║
[06/02/17, 13:50:33:741] info: ╚════════════════════════════════════════════════════════════════════════════════╝
[06/02/17, 13:50:36:826] info: Window is unloading, winssb is no longer accessible
[06/02/17, 13:50:37:359] info: ╔════════════════════════════════════════════════════════════════════════════════╗
[06/02/17, 13:50:37:360] info: ║      Slack 2.6.2, linux 4.8.0-53-generic on x64 at 06/02/17, 13:50:37:357      ║
[06/02/17, 13:50:37:361] info: ╚════════════════════════════════════════════════════════════════════════════════╝
[06/02/17, 13:50:39:638] info: Window is unloading, winssb is no longer accessible
[06/02/17, 13:50:39:984] info: ╔════════════════════════════════════════════════════════════════════════════════╗
[06/02/17, 13:50:39:985] info: ║      Slack 2.6.2, linux 4.8.0-53-generic on x64 at 06/02/17, 13:50:39:979      ║
[06/02/17, 13:50:39:985] info: ╚════════════════════════════════════════════════════════════════════════════════╝
[06/02/17, 13:58:46:902] info: ╔════════════════════════════════════════════════════════════════════════════════╗
[06/02/17, 13:58:46:904] info: ║      Slack 2.6.2, linux 4.8.0-53-generic on x64 at 06/02/17, 13:58:46:894      ║
[06/02/17, 13:58:46:905] info: ╚════════════════════════════════════════════════════════════════════════════════╝
[06/02/17, 13:58:47:352] info: updateSuspendResume: true
[06/02/17, 13:58:49:439] info: Store: SET_TEAM_IDLE_TIMEOUT
{ timeout: 43200, teamId: 'T12AS2C06' }
[06/02/17, 13:58:49:831] info: Store: SELECT_CHANNEL C12AZEZPH
[06/02/17, 13:58:49:841] info: Store: UPDATE_TEAM_THEME
{ theme: 
   { column_bg: '#4D394B',
     menu_bg: '#3E313C',
     active_item: '#4C9689',
     active_item_text: '#FFFFFF',
     hover_item: '#3E313C',
     text_color: '#FFFFFF',
     active_presence: '#38978D',
     badge: '#EB4D5C' },
  teamId: 'T12AS2C06' }
[06/02/17, 13:58:52:416] info: Store: UPDATE_TEAM_ICONS
{ icons: 
   { image_34: 'https://s3-us-west-2.amazonaws.com/slack-files2/avatars/2016-04-20/36374454420_dd01858569cfde9111dd_34.png',
     image_44: 'https://s3-us-west-2.amazonaws.com/slack-files2/avatars/2016-04-20/36374454420_dd01858569cfde9111dd_44.png',
     image_68: 'https://s3-us-west-2.amazonaws.com/slack-files2/avatars/2016-04-20/36374454420_dd01858569cfde9111dd_68.png',
     image_88: 'https://s3-us-west-2.amazonaws.com/slack-files2/avatars/2016-04-20/36374454420_dd01858569cfde9111dd_88.png',
     image_102: 'https://s3-us-west-2.amazonaws.com/slack-files2/avatars/2016-04-20/36374454420_dd01858569cfde9111dd_102.png',
     image_132: 'https://s3-us-west-2.amazonaws.com/slack-files2/avatars/2016-04-20/36374454420_dd01858569cfde9111dd_132.png',
     image_original: 'https://s3-us-west-2.amazonaws.com/slack-files2/avatars/2016-04-20/36374454420_dd01858569cfde9111dd_original.png',
     image_230: 'https://s3-us-west-2.amazonaws.com/slack-files2/avatars/2016-04-20/36374454420_dd01858569cfde9111dd_132.png' },
  teamId: 'T12AS2C06' }
[06/02/17, 13:58:54:798] info: Raw Locale list: ["C","C.UTF-8","en_AG","en_AG.utf8","en_AU.utf8","en_BW.utf8","en_CA.utf8","en_DK.utf8","en_GB.utf8","en_HK.utf8","en_IE.utf8","en_IN","en_IN.utf8","en_NG","en_NG.utf8","en_NZ.utf8","en_PH.utf8","en_SG.utf8","en_US.utf8","en_ZA.utf8","en_ZM","en_ZM.utf8","en_ZW.utf8","POSIX",""]
[06/02/17, 13:58:54:801] info: Filtered Locale list: ["en_AG","en_AG","en_AU","en_BW","en_CA","en_DK","en_GB","en_HK","en_IE","en_IN","en_IN","en_NG","en_NG","en_NZ","en_PH","en_SG","en_US","en_ZA","en_ZM","en_ZM","en_ZW"]
[06/02/17, 13:58:54:803] info: Counts: {"en":["en_AG","en_AG","en_AU","en_BW","en_CA","en_DK","en_GB","en_HK","en_IE","en_IN","en_IN","en_NG","en_NG","en_NZ","en_PH","en_SG","en_US","en_ZA","en_ZM","en_ZM","en_ZW"]}
[06/02/17, 13:58:54:805] info: Result: {"en":"en-US"}
[06/02/17, 13:58:54:811] info: Requesting to load en-US, alternatives are ["en-US","en-US","en-US"]
[06/02/17, 13:58:54:813] info: Loading dictionary for language en-US
[06/02/17, 13:58:54:815] info: Returning local copy: /home/dayfun/.config/Slack/dictionaries/en-US.bdic
[06/02/17, 13:58:54:876] info: Requesting to load en-US, alternatives are ["en-US","en-US","en-US"]
[06/02/17, 13:58:54:877] info: Loading dictionary for language en-US
[06/02/17, 13:58:54:879] info: Returning local copy: /home/dayfun/.config/Slack/dictionaries/en-US.bdic
[06/02/17, 13:58:55:021] info: Setting current spellchecker to en-US, requested language was en-US
[06/02/17, 13:58:55:022] info: Creating node-spellchecker instance
[06/02/17, 13:58:55:023] info: Actually installing spell check provider to Electron
[06/02/17, 13:58:55:027] info: Setting current spellchecker to en-US, requested language was en-US
[06/02/17, 14:31:58:162] info: ╔════════════════════════════════════════════════════════════════════════════════╗
[06/02/17, 14:31:58:165] info: ║      Slack 2.6.2, linux 4.8.0-53-generic on x64 at 06/02/17, 14:31:58:121      ║
[06/02/17, 14:31:58:166] info: ╚════════════════════════════════════════════════════════════════════════════════╝
[06/02/17, 14:31:58:836] info: updateSuspendResume: true
[06/02/17, 14:32:01:731] info: Store: SET_TEAM_IDLE_TIMEOUT
{ timeout: 43200, teamId: 'T12AS2C06' }
[06/02/17, 14:32:02:244] info: Store: SELECT_CHANNEL C12AZEZPH
[06/02/17, 14:32:02:275] info: Store: UPDATE_TEAM_THEME
{ theme: 
   { column_bg: '#4D394B',
     menu_bg: '#3E313C',
     active_item: '#4C9689',
     active_item_text: '#FFFFFF',
     hover_item: '#3E313C',
     text_color: '#FFFFFF',
     active_presence: '#38978D',
     badge: '#EB4D5C' },
  teamId: 'T12AS2C06' }
[06/02/17, 14:32:05:713] info: Store: UPDATE_TEAM_ICONS
{ icons: 
   { image_34: 'https://s3-us-west-2.amazonaws.com/slack-files2/avatars/2016-04-20/36374454420_dd01858569cfde9111dd_34.png',
     image_44: 'https://s3-us-west-2.amazonaws.com/slack-files2/avatars/2016-04-20/36374454420_dd01858569cfde9111dd_44.png',
     image_68: 'https://s3-us-west-2.amazonaws.com/slack-files2/avatars/2016-04-20/36374454420_dd01858569cfde9111dd_68.png',
     image_88: 'https://s3-us-west-2.amazonaws.com/slack-files2/avatars/2016-04-20/36374454420_dd01858569cfde9111dd_88.png',
     image_102: 'https://s3-us-west-2.amazonaws.com/slack-files2/avatars/2016-04-20/36374454420_dd01858569cfde9111dd_102.png',
     image_132: 'https://s3-us-west-2.amazonaws.com/slack-files2/avatars/2016-04-20/36374454420_dd01858569cfde9111dd_132.png',
     image_original: 'https://s3-us-west-2.amazonaws.com/slack-files2/avatars/2016-04-20/36374454420_dd01858569cfde9111dd_original.png',
     image_230: 'https://s3-us-west-2.amazonaws.com/slack-files2/avatars/2016-04-20/36374454420_dd01858569cfde9111dd_132.png' },
  teamId: 'T12AS2C06' }
[06/02/17, 14:32:08:327] info: Raw Locale list: ["C","C.UTF-8","en_AG","en_AG.utf8","en_AU.utf8","en_BW.utf8","en_CA.utf8","en_DK.utf8","en_GB.utf8","en_HK.utf8","en_IE.utf8","en_IN","en_IN.utf8","en_NG","en_NG.utf8","en_NZ.utf8","en_PH.utf8","en_SG.utf8","en_US.utf8","en_ZA.utf8","en_ZM","en_ZM.utf8","en_ZW.utf8","POSIX",""]
[06/02/17, 14:32:08:329] info: Filtered Locale list: ["en_AG","en_AG","en_AU","en_BW","en_CA","en_DK","en_GB","en_HK","en_IE","en_IN","en_IN","en_NG","en_NG","en_NZ","en_PH","en_SG","en_US","en_ZA","en_ZM","en_ZM","en_ZW"]
[06/02/17, 14:32:08:330] info: Counts: {"en":["en_AG","en_AG","en_AU","en_BW","en_CA","en_DK","en_GB","en_HK","en_IE","en_IN","en_IN","en_NG","en_NG","en_NZ","en_PH","en_SG","en_US","en_ZA","en_ZM","en_ZM","en_ZW"]}
[06/02/17, 14:32:08:332] info: Result: {"en":"en-US"}
[06/02/17, 14:32:08:337] info: Requesting to load en-US, alternatives are ["en-US","en-US","en-US"]
[06/02/17, 14:32:08:340] info: Loading dictionary for language en-US
[06/02/17, 14:32:08:341] info: Returning local copy: /home/dayfun/.config/Slack/dictionaries/en-US.bdic
[06/02/17, 14:32:08:622] info: Setting current spellchecker to en-US, requested language was en-US
[06/02/17, 14:32:08:623] info: Creating node-spellchecker instance
[06/02/17, 14:32:08:625] info: Actually installing spell check provider to Electron
[06/02/17, 14:32:08:627] info: Loading dictionary for language en-US
[06/02/17, 14:32:08:628] info: Returning local copy: /home/dayfun/.config/Slack/dictionaries/en-US.bdic
[06/02/17, 14:32:08:643] info: Setting current spellchecker to en-US, requested language was en-US
[06/02/17, 14:33:53:197] info: ╔════════════════════════════════════════════════════════════════════════════════╗
[06/02/17, 14:33:53:203] info: ║      Slack 2.6.2, linux 4.8.0-53-generic on x64 at 06/02/17, 14:33:53:180      ║
[06/02/17, 14:33:53:204] info: ╚════════════════════════════════════════════════════════════════════════════════╝
[06/02/17, 14:33:54:040] info: updateSuspendResume: true
[06/02/17, 14:33:56:525] info: Store: SET_TEAM_IDLE_TIMEOUT
{ timeout: 43200, teamId: 'T12AS2C06' }
[06/02/17, 14:33:57:108] info: Store: SELECT_CHANNEL C12AZEZPH
[06/02/17, 14:33:57:117] info: Store: UPDATE_TEAM_THEME
{ theme: 
   { column_bg: '#4D394B',
     menu_bg: '#3E313C',
     active_item: '#4C9689',
     active_item_text: '#FFFFFF',
     hover_item: '#3E313C',
     text_color: '#FFFFFF',
     active_presence: '#38978D',
     badge: '#EB4D5C' },
  teamId: 'T12AS2C06' }
[06/02/17, 14:33:59:861] info: Store: UPDATE_TEAM_ICONS
{ icons: 
   { image_34: 'https://s3-us-west-2.amazonaws.com/slack-files2/avatars/2016-04-20/36374454420_dd01858569cfde9111dd_34.png',
     image_44: 'https://s3-us-west-2.amazonaws.com/slack-files2/avatars/2016-04-20/36374454420_dd01858569cfde9111dd_44.png',
     image_68: 'https://s3-us-west-2.amazonaws.com/slack-files2/avatars/2016-04-20/36374454420_dd01858569cfde9111dd_68.png',
     image_88: 'https://s3-us-west-2.amazonaws.com/slack-files2/avatars/2016-04-20/36374454420_dd01858569cfde9111dd_88.png',
     image_102: 'https://s3-us-west-2.amazonaws.com/slack-files2/avatars/2016-04-20/36374454420_dd01858569cfde9111dd_102.png',
     image_132: 'https://s3-us-west-2.amazonaws.com/slack-files2/avatars/2016-04-20/36374454420_dd01858569cfde9111dd_132.png',
     image_original: 'https://s3-us-west-2.amazonaws.com/slack-files2/avatars/2016-04-20/36374454420_dd01858569cfde9111dd_original.png',
     image_230: 'https://s3-us-west-2.amazonaws.com/slack-files2/avatars/2016-04-20/36374454420_dd01858569cfde9111dd_132.png' },
  teamId: 'T12AS2C06' }
[06/02/17, 14:34:03:246] info: Raw Locale list: ["C","C.UTF-8","en_AG","en_AG.utf8","en_AU.utf8","en_BW.utf8","en_CA.utf8","en_DK.utf8","en_GB.utf8","en_HK.utf8","en_IE.utf8","en_IN","en_IN.utf8","en_NG","en_NG.utf8","en_NZ.utf8","en_PH.utf8","en_SG.utf8","en_US.utf8","en_ZA.utf8","en_ZM","en_ZM.utf8","en_ZW.utf8","POSIX",""]
[06/02/17, 14:34:03:248] info: Filtered Locale list: ["en_AG","en_AG","en_AU","en_BW","en_CA","en_DK","en_GB","en_HK","en_IE","en_IN","en_IN","en_NG","en_NG","en_NZ","en_PH","en_SG","en_US","en_ZA","en_ZM","en_ZM","en_ZW"]
[06/02/17, 14:34:03:249] info: Counts: {"en":["en_AG","en_AG","en_AU","en_BW","en_CA","en_DK","en_GB","en_HK","en_IE","en_IN","en_IN","en_NG","en_NG","en_NZ","en_PH","en_SG","en_US","en_ZA","en_ZM","en_ZM","en_ZW"]}
[06/02/17, 14:34:03:251] info: Result: {"en":"en-US"}
[06/02/17, 14:34:03:256] info: Requesting to load en-US, alternatives are ["en-US","en-US","en-US"]
[06/02/17, 14:34:03:258] info: Loading dictionary for language en-US
[06/02/17, 14:34:03:260] info: Returning local copy: /home/dayfun/.config/Slack/dictionaries/en-US.bdic
[06/02/17, 14:34:03:288] info: Requesting to load en-US, alternatives are ["en-US","en-US","en-US"]
[06/02/17, 14:34:03:290] info: Loading dictionary for language en-US
[06/02/17, 14:34:03:291] info: Returning local copy: /home/dayfun/.config/Slack/dictionaries/en-US.bdic
[06/02/17, 14:34:03:298] info: Setting current spellchecker to en-US, requested language was en-US
[06/02/17, 14:34:03:300] info: Creating node-spellchecker instance
[06/02/17, 14:34:03:302] info: Actually installing spell check provider to Electron
[06/02/17, 14:34:03:306] info: Setting current spellchecker to en-US, requested language was en-US
[06/02/17, 22:31:35:348] info: ╔════════════════════════════════════════════════════════════════════════════════╗
[06/02/17, 22:31:35:350] info: ║      Slack 2.6.2, linux 4.8.0-53-generic on x64 at 06/02/17, 22:31:35:322      ║
[06/02/17, 22:31:35:351] info: ╚════════════════════════════════════════════════════════════════════════════════╝
[06/02/17, 22:31:36:200] info: updateSuspendResume: true
[06/02/17, 22:31:38:913] info: Store: SET_TEAM_IDLE_TIMEOUT
{ timeout: 43200, teamId: 'T12AS2C06' }
[06/02/17, 22:31:39:374] info: Store: SELECT_CHANNEL C12AZEZPH
[06/02/17, 22:31:39:413] info: Store: UPDATE_TEAM_THEME
{ theme: 
   { column_bg: '#4D394B',
     menu_bg: '#3E313C',
     active_item: '#4C9689',
     active_item_text: '#FFFFFF',
     hover_item: '#3E313C',
     text_color: '#FFFFFF',
     active_presence: '#38978D',
     badge: '#EB4D5C' },
  teamId: 'T12AS2C06' }
[06/02/17, 22:31:41:486] info: Store: UPDATE_TEAM_ICONS
{ icons: 
   { image_34: 'https://s3-us-west-2.amazonaws.com/slack-files2/avatars/2016-04-20/36374454420_dd01858569cfde9111dd_34.png',
     image_44: 'https://s3-us-west-2.amazonaws.com/slack-files2/avatars/2016-04-20/36374454420_dd01858569cfde9111dd_44.png',
     image_68: 'https://s3-us-west-2.amazonaws.com/slack-files2/avatars/2016-04-20/36374454420_dd01858569cfde9111dd_68.png',
     image_88: 'https://s3-us-west-2.amazonaws.com/slack-files2/avatars/2016-04-20/36374454420_dd01858569cfde9111dd_88.png',
     image_102: 'https://s3-us-west-2.amazonaws.com/slack-files2/avatars/2016-04-20/36374454420_dd01858569cfde9111dd_102.png',
     image_132: 'https://s3-us-west-2.amazonaws.com/slack-files2/avatars/2016-04-20/36374454420_dd01858569cfde9111dd_132.png',
     image_original: 'https://s3-us-west-2.amazonaws.com/slack-files2/avatars/2016-04-20/36374454420_dd01858569cfde9111dd_original.png',
     image_230: 'https://s3-us-west-2.amazonaws.com/slack-files2/avatars/2016-04-20/36374454420_dd01858569cfde9111dd_132.png' },
  teamId: 'T12AS2C06' }
[06/02/17, 22:31:43:585] info: Raw Locale list: ["C","C.UTF-8","en_AG","en_AG.utf8","en_AU.utf8","en_BW.utf8","en_CA.utf8","en_DK.utf8","en_GB.utf8","en_HK.utf8","en_IE.utf8","en_IN","en_IN.utf8","en_NG","en_NG.utf8","en_NZ.utf8","en_PH.utf8","en_SG.utf8","en_US.utf8","en_ZA.utf8","en_ZM","en_ZM.utf8","en_ZW.utf8","POSIX",""]
[06/02/17, 22:31:43:587] info: Filtered Locale list: ["en_AG","en_AG","en_AU","en_BW","en_CA","en_DK","en_GB","en_HK","en_IE","en_IN","en_IN","en_NG","en_NG","en_NZ","en_PH","en_SG","en_US","en_ZA","en_ZM","en_ZM","en_ZW"]
[06/02/17, 22:31:43:588] info: Counts: {"en":["en_AG","en_AG","en_AU","en_BW","en_CA","en_DK","en_GB","en_HK","en_IE","en_IN","en_IN","en_NG","en_NG","en_NZ","en_PH","en_SG","en_US","en_ZA","en_ZM","en_ZM","en_ZW"]}
[06/02/17, 22:31:43:590] info: Result: {"en":"en-US"}
[06/02/17, 22:31:43:593] info: Requesting to load en-US, alternatives are ["en-US","en-US","en-US"]
[06/02/17, 22:31:43:595] info: Loading dictionary for language en-US
[06/02/17, 22:31:43:596] info: Returning local copy: /home/dayfun/.config/Slack/dictionaries/en-US.bdic
[06/02/17, 22:31:43:645] info: Requesting to load en-US, alternatives are ["en-US","en-US","en-US"]
[06/02/17, 22:31:43:647] info: Loading dictionary for language en-US
[06/02/17, 22:31:43:648] info: Returning local copy: /home/dayfun/.config/Slack/dictionaries/en-US.bdic
[06/02/17, 22:31:43:651] info: Setting current spellchecker to en-US, requested language was en-US
[06/02/17, 22:31:43:652] info: Creating node-spellchecker instance
[06/02/17, 22:31:43:654] info: Actually installing spell check provider to Electron
[06/02/17, 22:31:43:659] info: Setting current spellchecker to en-US, requested language was en-US
[06/03/17, 16:48:04:378] info: ╔════════════════════════════════════════════════════════════════════════════════╗
[06/03/17, 16:48:04:379] info: ║      Slack 2.6.2, linux 4.8.0-53-generic on x64 at 06/03/17, 16:48:04:367      ║
[06/03/17, 16:48:04:380] info: ╚════════════════════════════════════════════════════════════════════════════════╝
[06/03/17, 16:48:05:082] info: updateSuspendResume: true
[06/03/17, 16:48:06:866] info: Store: SET_TEAM_IDLE_TIMEOUT
{ timeout: 43200, teamId: 'T12AS2C06' }
[06/03/17, 16:48:07:350] info: Store: SELECT_CHANNEL C12AZEZPH
[06/03/17, 16:48:07:359] info: Store: UPDATE_TEAM_THEME
{ theme: 
   { column_bg: '#4D394B',
     menu_bg: '#3E313C',
     active_item: '#4C9689',
     active_item_text: '#FFFFFF',
     hover_item: '#3E313C',
     text_color: '#FFFFFF',
     active_presence: '#38978D',
     badge: '#EB4D5C' },
  teamId: 'T12AS2C06' }
[06/03/17, 16:48:09:018] info: Store: UPDATE_TEAM_ICONS
{ icons: 
   { image_34: 'https://s3-us-west-2.amazonaws.com/slack-files2/avatars/2016-04-20/36374454420_dd01858569cfde9111dd_34.png',
     image_44: 'https://s3-us-west-2.amazonaws.com/slack-files2/avatars/2016-04-20/36374454420_dd01858569cfde9111dd_44.png',
     image_68: 'https://s3-us-west-2.amazonaws.com/slack-files2/avatars/2016-04-20/36374454420_dd01858569cfde9111dd_68.png',
     image_88: 'https://s3-us-west-2.amazonaws.com/slack-files2/avatars/2016-04-20/36374454420_dd01858569cfde9111dd_88.png',
     image_102: 'https://s3-us-west-2.amazonaws.com/slack-files2/avatars/2016-04-20/36374454420_dd01858569cfde9111dd_102.png',
     image_132: 'https://s3-us-west-2.amazonaws.com/slack-files2/avatars/2016-04-20/36374454420_dd01858569cfde9111dd_132.png',
     image_original: 'https://s3-us-west-2.amazonaws.com/slack-files2/avatars/2016-04-20/36374454420_dd01858569cfde9111dd_original.png',
     image_230: 'https://s3-us-west-2.amazonaws.com/slack-files2/avatars/2016-04-20/36374454420_dd01858569cfde9111dd_132.png' },
  teamId: 'T12AS2C06' }
[06/03/17, 16:48:10:184] info: Raw Locale list: ["C","C.UTF-8","en_AG","en_AG.utf8","en_AU.utf8","en_BW.utf8","en_CA.utf8","en_DK.utf8","en_GB.utf8","en_HK.utf8","en_IE.utf8","en_IN","en_IN.utf8","en_NG","en_NG.utf8","en_NZ.utf8","en_PH.utf8","en_SG.utf8","en_US.utf8","en_ZA.utf8","en_ZM","en_ZM.utf8","en_ZW.utf8","POSIX",""]
[06/03/17, 16:48:10:185] info: Filtered Locale list: ["en_AG","en_AG","en_AU","en_BW","en_CA","en_DK","en_GB","en_HK","en_IE","en_IN","en_IN","en_NG","en_NG","en_NZ","en_PH","en_SG","en_US","en_ZA","en_ZM","en_ZM","en_ZW"]
[06/03/17, 16:48:10:186] info: Counts: {"en":["en_AG","en_AG","en_AU","en_BW","en_CA","en_DK","en_GB","en_HK","en_IE","en_IN","en_IN","en_NG","en_NG","en_NZ","en_PH","en_SG","en_US","en_ZA","en_ZM","en_ZM","en_ZW"]}
[06/03/17, 16:48:10:188] info: Result: {"en":"en-US"}
[06/03/17, 16:48:10:192] info: Requesting to load en-US, alternatives are ["en-US","en-US","en-US"]
[06/03/17, 16:48:10:196] info: Loading dictionary for language en-US
[06/03/17, 16:48:10:199] info: Returning local copy: /home/dayfun/.config/Slack/dictionaries/en-US.bdic
[06/03/17, 16:48:10:684] info: Setting current spellchecker to en-US, requested language was en-US
[06/03/17, 16:48:10:684] info: Creating node-spellchecker instance
[06/03/17, 16:48:10:686] info: Actually installing spell check provider to Electron
[06/03/17, 16:48:10:691] info: Loading dictionary for language en-US
[06/03/17, 16:48:10:692] info: Returning local copy: /home/dayfun/.config/Slack/dictionaries/en-US.bdic
[06/03/17, 16:48:10:693] info: Setting current spellchecker to en-US, requested language was en-US
