[06/02/17, 13:48:51:524] info: ╔════════════════════════════════════════════════════════════════════════════════╗
[06/02/17, 13:48:51:525] info: ║      Slack 2.6.2, linux 4.8.0-53-generic on x64 at 06/02/17, 13:48:51:519      ║
[06/02/17, 13:48:51:526] info: ╚════════════════════════════════════════════════════════════════════════════════╝
[06/02/17, 13:48:51:739] info: updateSuspendResume: true
[06/02/17, 13:48:53:106] info: Store: SET_TEAM_IDLE_TIMEOUT
{ timeout: 43200, teamId: 'T09229ZC6' }
[06/02/17, 13:58:46:893] info: ╔════════════════════════════════════════════════════════════════════════════════╗
[06/02/17, 13:58:46:901] info: ║      Slack 2.6.2, linux 4.8.0-53-generic on x64 at 06/02/17, 13:58:46:875      ║
[06/02/17, 13:58:46:902] info: ╚════════════════════════════════════════════════════════════════════════════════╝
[06/02/17, 13:58:47:422] info: updateSuspendResume: true
[06/02/17, 13:58:49:379] info: Store: SET_TEAM_IDLE_TIMEOUT
{ timeout: 43200, teamId: 'T04067NNM' }
[06/02/17, 13:58:49:773] info: Store: SELECT_CHANNEL C04067NR5
[06/02/17, 13:58:49:784] info: Store: UPDATE_TEAM_THEME
{ theme: 
   { column_bg: '#4D394B',
     menu_bg: '#3E313C',
     active_item: '#4C9689',
     active_item_text: '#FFFFFF',
     hover_item: '#3E313C',
     text_color: '#FFFFFF',
     active_presence: '#38978D',
     badge: '#EB4D5C' },
  teamId: 'T04067NNM' }
[06/02/17, 13:58:51:599] info: Store: UPDATE_TEAM_ICONS
{ icons: 
   { image_34: 'https://s3-us-west-2.amazonaws.com/slack-files2/avatars/2015-03-11/4008826306_ccdc66a0990bcdbbd421_34.jpg',
     image_44: 'https://s3-us-west-2.amazonaws.com/slack-files2/avatars/2015-03-11/4008826306_ccdc66a0990bcdbbd421_44.jpg',
     image_68: 'https://s3-us-west-2.amazonaws.com/slack-files2/avatars/2015-03-11/4008826306_ccdc66a0990bcdbbd421_68.jpg',
     image_88: 'https://s3-us-west-2.amazonaws.com/slack-files2/avatars/2015-03-11/4008826306_ccdc66a0990bcdbbd421_88.jpg',
     image_102: 'https://s3-us-west-2.amazonaws.com/slack-files2/avatars/2015-03-11/4008826306_ccdc66a0990bcdbbd421_102.jpg',
     image_132: 'https://s3-us-west-2.amazonaws.com/slack-files2/avatars/2015-03-11/4008826306_ccdc66a0990bcdbbd421_132.jpg',
     image_original: 'https://s3-us-west-2.amazonaws.com/slack-files2/avatars/2015-03-11/4008826306_ccdc66a0990bcdbbd421_original.jpg',
     image_230: 'https://s3-us-west-2.amazonaws.com/slack-files2/avatars/2015-03-11/4008826306_ccdc66a0990bcdbbd421_132.jpg' },
  teamId: 'T04067NNM' }
[06/02/17, 13:58:53:284] info: Raw Locale list: ["C","C.UTF-8","en_AG","en_AG.utf8","en_AU.utf8","en_BW.utf8","en_CA.utf8","en_DK.utf8","en_GB.utf8","en_HK.utf8","en_IE.utf8","en_IN","en_IN.utf8","en_NG","en_NG.utf8","en_NZ.utf8","en_PH.utf8","en_SG.utf8","en_US.utf8","en_ZA.utf8","en_ZM","en_ZM.utf8","en_ZW.utf8","POSIX",""]
[06/02/17, 13:58:53:285] info: Filtered Locale list: ["en_AG","en_AG","en_AU","en_BW","en_CA","en_DK","en_GB","en_HK","en_IE","en_IN","en_IN","en_NG","en_NG","en_NZ","en_PH","en_SG","en_US","en_ZA","en_ZM","en_ZM","en_ZW"]
[06/02/17, 13:58:53:286] info: Counts: {"en":["en_AG","en_AG","en_AU","en_BW","en_CA","en_DK","en_GB","en_HK","en_IE","en_IN","en_IN","en_NG","en_NG","en_NZ","en_PH","en_SG","en_US","en_ZA","en_ZM","en_ZM","en_ZW"]}
[06/02/17, 13:58:53:288] info: Result: {"en":"en-US"}
[06/02/17, 13:58:53:291] info: Requesting to load en-US, alternatives are ["en-US","en-US","en-US"]
[06/02/17, 13:58:53:294] info: Loading dictionary for language en-US
[06/02/17, 13:58:53:303] info: Returning local copy: /home/dayfun/.config/Slack/dictionaries/en-US.bdic
[06/02/17, 13:58:53:360] info: Setting current spellchecker to en-US, requested language was en-US
[06/02/17, 13:58:53:366] info: Creating node-spellchecker instance
[06/02/17, 13:58:53:369] info: Actually installing spell check provider to Electron
[06/02/17, 13:58:54:225] info: Loading dictionary for language en-US
[06/02/17, 13:58:54:228] info: Returning local copy: /home/dayfun/.config/Slack/dictionaries/en-US.bdic
[06/02/17, 13:58:54:233] info: Setting current spellchecker to en-US, requested language was en-US
[06/02/17, 14:31:58:024] info: ╔════════════════════════════════════════════════════════════════════════════════╗
[06/02/17, 14:31:58:029] info: ║      Slack 2.6.2, linux 4.8.0-53-generic on x64 at 06/02/17, 14:31:58:013      ║
[06/02/17, 14:31:58:030] info: ╚════════════════════════════════════════════════════════════════════════════════╝
[06/02/17, 14:31:58:682] info: updateSuspendResume: true
[06/02/17, 14:32:01:015] info: Store: SET_TEAM_IDLE_TIMEOUT
{ timeout: 43200, teamId: 'T04067NNM' }
[06/02/17, 14:32:01:541] info: Store: SELECT_CHANNEL C04067NR5
[06/02/17, 14:32:01:551] info: Store: UPDATE_TEAM_THEME
{ theme: 
   { column_bg: '#4D394B',
     menu_bg: '#3E313C',
     active_item: '#4C9689',
     active_item_text: '#FFFFFF',
     hover_item: '#3E313C',
     text_color: '#FFFFFF',
     active_presence: '#38978D',
     badge: '#EB4D5C' },
  teamId: 'T04067NNM' }
[06/02/17, 14:32:03:744] info: Store: UPDATE_TEAM_ICONS
{ icons: 
   { image_34: 'https://s3-us-west-2.amazonaws.com/slack-files2/avatars/2015-03-11/4008826306_ccdc66a0990bcdbbd421_34.jpg',
     image_44: 'https://s3-us-west-2.amazonaws.com/slack-files2/avatars/2015-03-11/4008826306_ccdc66a0990bcdbbd421_44.jpg',
     image_68: 'https://s3-us-west-2.amazonaws.com/slack-files2/avatars/2015-03-11/4008826306_ccdc66a0990bcdbbd421_68.jpg',
     image_88: 'https://s3-us-west-2.amazonaws.com/slack-files2/avatars/2015-03-11/4008826306_ccdc66a0990bcdbbd421_88.jpg',
     image_102: 'https://s3-us-west-2.amazonaws.com/slack-files2/avatars/2015-03-11/4008826306_ccdc66a0990bcdbbd421_102.jpg',
     image_132: 'https://s3-us-west-2.amazonaws.com/slack-files2/avatars/2015-03-11/4008826306_ccdc66a0990bcdbbd421_132.jpg',
     image_original: 'https://s3-us-west-2.amazonaws.com/slack-files2/avatars/2015-03-11/4008826306_ccdc66a0990bcdbbd421_original.jpg',
     image_230: 'https://s3-us-west-2.amazonaws.com/slack-files2/avatars/2015-03-11/4008826306_ccdc66a0990bcdbbd421_132.jpg' },
  teamId: 'T04067NNM' }
[06/02/17, 14:32:05:711] info: Raw Locale list: ["C","C.UTF-8","en_AG","en_AG.utf8","en_AU.utf8","en_BW.utf8","en_CA.utf8","en_DK.utf8","en_GB.utf8","en_HK.utf8","en_IE.utf8","en_IN","en_IN.utf8","en_NG","en_NG.utf8","en_NZ.utf8","en_PH.utf8","en_SG.utf8","en_US.utf8","en_ZA.utf8","en_ZM","en_ZM.utf8","en_ZW.utf8","POSIX",""]
[06/02/17, 14:32:05:713] info: Filtered Locale list: ["en_AG","en_AG","en_AU","en_BW","en_CA","en_DK","en_GB","en_HK","en_IE","en_IN","en_IN","en_NG","en_NG","en_NZ","en_PH","en_SG","en_US","en_ZA","en_ZM","en_ZM","en_ZW"]
[06/02/17, 14:32:05:714] info: Counts: {"en":["en_AG","en_AG","en_AU","en_BW","en_CA","en_DK","en_GB","en_HK","en_IE","en_IN","en_IN","en_NG","en_NG","en_NZ","en_PH","en_SG","en_US","en_ZA","en_ZM","en_ZM","en_ZW"]}
[06/02/17, 14:32:05:716] info: Result: {"en":"en-US"}
[06/02/17, 14:32:05:720] info: Requesting to load en-US, alternatives are ["en-US","en-US","en-US"]
[06/02/17, 14:32:05:722] info: Loading dictionary for language en-US
[06/02/17, 14:32:05:723] info: Returning local copy: /home/dayfun/.config/Slack/dictionaries/en-US.bdic
[06/02/17, 14:32:05:784] info: Setting current spellchecker to en-US, requested language was en-US
[06/02/17, 14:32:05:785] info: Creating node-spellchecker instance
[06/02/17, 14:32:05:789] info: Actually installing spell check provider to Electron
[06/02/17, 14:32:06:643] info: Loading dictionary for language en-US
[06/02/17, 14:32:06:644] info: Returning local copy: /home/dayfun/.config/Slack/dictionaries/en-US.bdic
[06/02/17, 14:32:06:653] info: Setting current spellchecker to en-US, requested language was en-US
[06/02/17, 14:33:53:201] info: ╔════════════════════════════════════════════════════════════════════════════════╗
[06/02/17, 14:33:53:203] info: ║      Slack 2.6.2, linux 4.8.0-53-generic on x64 at 06/02/17, 14:33:53:185      ║
[06/02/17, 14:33:53:204] info: ╚════════════════════════════════════════════════════════════════════════════════╝
[06/02/17, 14:33:53:824] info: updateSuspendResume: true
[06/02/17, 14:33:56:556] info: Store: SET_TEAM_IDLE_TIMEOUT
{ timeout: 43200, teamId: 'T04067NNM' }
[06/02/17, 14:33:57:137] info: Store: SELECT_CHANNEL C04067NR5
[06/02/17, 14:33:57:158] info: Store: UPDATE_TEAM_THEME
{ theme: 
   { column_bg: '#4D394B',
     menu_bg: '#3E313C',
     active_item: '#4C9689',
     active_item_text: '#FFFFFF',
     hover_item: '#3E313C',
     text_color: '#FFFFFF',
     active_presence: '#38978D',
     badge: '#EB4D5C' },
  teamId: 'T04067NNM' }
[06/02/17, 14:33:59:684] info: Store: UPDATE_TEAM_ICONS
{ icons: 
   { image_34: 'https://s3-us-west-2.amazonaws.com/slack-files2/avatars/2015-03-11/4008826306_ccdc66a0990bcdbbd421_34.jpg',
     image_44: 'https://s3-us-west-2.amazonaws.com/slack-files2/avatars/2015-03-11/4008826306_ccdc66a0990bcdbbd421_44.jpg',
     image_68: 'https://s3-us-west-2.amazonaws.com/slack-files2/avatars/2015-03-11/4008826306_ccdc66a0990bcdbbd421_68.jpg',
     image_88: 'https://s3-us-west-2.amazonaws.com/slack-files2/avatars/2015-03-11/4008826306_ccdc66a0990bcdbbd421_88.jpg',
     image_102: 'https://s3-us-west-2.amazonaws.com/slack-files2/avatars/2015-03-11/4008826306_ccdc66a0990bcdbbd421_102.jpg',
     image_132: 'https://s3-us-west-2.amazonaws.com/slack-files2/avatars/2015-03-11/4008826306_ccdc66a0990bcdbbd421_132.jpg',
     image_original: 'https://s3-us-west-2.amazonaws.com/slack-files2/avatars/2015-03-11/4008826306_ccdc66a0990bcdbbd421_original.jpg',
     image_230: 'https://s3-us-west-2.amazonaws.com/slack-files2/avatars/2015-03-11/4008826306_ccdc66a0990bcdbbd421_132.jpg' },
  teamId: 'T04067NNM' }
[06/02/17, 14:34:01:829] info: Raw Locale list: ["C","C.UTF-8","en_AG","en_AG.utf8","en_AU.utf8","en_BW.utf8","en_CA.utf8","en_DK.utf8","en_GB.utf8","en_HK.utf8","en_IE.utf8","en_IN","en_IN.utf8","en_NG","en_NG.utf8","en_NZ.utf8","en_PH.utf8","en_SG.utf8","en_US.utf8","en_ZA.utf8","en_ZM","en_ZM.utf8","en_ZW.utf8","POSIX",""]
[06/02/17, 14:34:01:830] info: Filtered Locale list: ["en_AG","en_AG","en_AU","en_BW","en_CA","en_DK","en_GB","en_HK","en_IE","en_IN","en_IN","en_NG","en_NG","en_NZ","en_PH","en_SG","en_US","en_ZA","en_ZM","en_ZM","en_ZW"]
[06/02/17, 14:34:01:831] info: Counts: {"en":["en_AG","en_AG","en_AU","en_BW","en_CA","en_DK","en_GB","en_HK","en_IE","en_IN","en_IN","en_NG","en_NG","en_NZ","en_PH","en_SG","en_US","en_ZA","en_ZM","en_ZM","en_ZW"]}
[06/02/17, 14:34:01:834] info: Result: {"en":"en-US"}
[06/02/17, 14:34:01:844] info: Requesting to load en-US, alternatives are ["en-US","en-US","en-US"]
[06/02/17, 14:34:01:846] info: Loading dictionary for language en-US
[06/02/17, 14:34:01:851] info: Returning local copy: /home/dayfun/.config/Slack/dictionaries/en-US.bdic
[06/02/17, 14:34:01:919] info: Setting current spellchecker to en-US, requested language was en-US
[06/02/17, 14:34:01:921] info: Creating node-spellchecker instance
[06/02/17, 14:34:01:927] info: Actually installing spell check provider to Electron
[06/02/17, 14:34:02:927] info: Loading dictionary for language en-US
[06/02/17, 14:34:02:929] info: Returning local copy: /home/dayfun/.config/Slack/dictionaries/en-US.bdic
[06/02/17, 14:34:02:943] info: Setting current spellchecker to en-US, requested language was en-US
[06/02/17, 22:31:35:186] info: ╔════════════════════════════════════════════════════════════════════════════════╗
[06/02/17, 22:31:35:188] info: ║      Slack 2.6.2, linux 4.8.0-53-generic on x64 at 06/02/17, 22:31:35:177      ║
[06/02/17, 22:31:35:189] info: ╚════════════════════════════════════════════════════════════════════════════════╝
[06/02/17, 22:31:35:933] info: updateSuspendResume: true
[06/02/17, 22:31:38:640] info: Store: SET_TEAM_IDLE_TIMEOUT
{ timeout: 43200, teamId: 'T04067NNM' }
[06/02/17, 22:31:39:104] info: Store: SELECT_CHANNEL C04067NR5
[06/02/17, 22:31:39:117] info: Store: UPDATE_TEAM_THEME
{ theme: 
   { column_bg: '#4D394B',
     menu_bg: '#3E313C',
     active_item: '#4C9689',
     active_item_text: '#FFFFFF',
     hover_item: '#3E313C',
     text_color: '#FFFFFF',
     active_presence: '#38978D',
     badge: '#EB4D5C' },
  teamId: 'T04067NNM' }
[06/02/17, 22:31:40:746] info: Store: UPDATE_TEAM_ICONS
{ icons: 
   { image_34: 'https://s3-us-west-2.amazonaws.com/slack-files2/avatars/2015-03-11/4008826306_ccdc66a0990bcdbbd421_34.jpg',
     image_44: 'https://s3-us-west-2.amazonaws.com/slack-files2/avatars/2015-03-11/4008826306_ccdc66a0990bcdbbd421_44.jpg',
     image_68: 'https://s3-us-west-2.amazonaws.com/slack-files2/avatars/2015-03-11/4008826306_ccdc66a0990bcdbbd421_68.jpg',
     image_88: 'https://s3-us-west-2.amazonaws.com/slack-files2/avatars/2015-03-11/4008826306_ccdc66a0990bcdbbd421_88.jpg',
     image_102: 'https://s3-us-west-2.amazonaws.com/slack-files2/avatars/2015-03-11/4008826306_ccdc66a0990bcdbbd421_102.jpg',
     image_132: 'https://s3-us-west-2.amazonaws.com/slack-files2/avatars/2015-03-11/4008826306_ccdc66a0990bcdbbd421_132.jpg',
     image_original: 'https://s3-us-west-2.amazonaws.com/slack-files2/avatars/2015-03-11/4008826306_ccdc66a0990bcdbbd421_original.jpg',
     image_230: 'https://s3-us-west-2.amazonaws.com/slack-files2/avatars/2015-03-11/4008826306_ccdc66a0990bcdbbd421_132.jpg' },
  teamId: 'T04067NNM' }
[06/02/17, 22:31:41:982] info: Raw Locale list: ["C","C.UTF-8","en_AG","en_AG.utf8","en_AU.utf8","en_BW.utf8","en_CA.utf8","en_DK.utf8","en_GB.utf8","en_HK.utf8","en_IE.utf8","en_IN","en_IN.utf8","en_NG","en_NG.utf8","en_NZ.utf8","en_PH.utf8","en_SG.utf8","en_US.utf8","en_ZA.utf8","en_ZM","en_ZM.utf8","en_ZW.utf8","POSIX",""]
[06/02/17, 22:31:41:983] info: Filtered Locale list: ["en_AG","en_AG","en_AU","en_BW","en_CA","en_DK","en_GB","en_HK","en_IE","en_IN","en_IN","en_NG","en_NG","en_NZ","en_PH","en_SG","en_US","en_ZA","en_ZM","en_ZM","en_ZW"]
[06/02/17, 22:31:41:985] info: Counts: {"en":["en_AG","en_AG","en_AU","en_BW","en_CA","en_DK","en_GB","en_HK","en_IE","en_IN","en_IN","en_NG","en_NG","en_NZ","en_PH","en_SG","en_US","en_ZA","en_ZM","en_ZM","en_ZW"]}
[06/02/17, 22:31:41:987] info: Result: {"en":"en-US"}
[06/02/17, 22:31:41:991] info: Requesting to load en-US, alternatives are ["en-US","en-US","en-US"]
[06/02/17, 22:31:41:993] info: Loading dictionary for language en-US
[06/02/17, 22:31:41:995] info: Returning local copy: /home/dayfun/.config/Slack/dictionaries/en-US.bdic
[06/02/17, 22:31:42:025] info: Setting current spellchecker to en-US, requested language was en-US
[06/02/17, 22:31:42:026] info: Creating node-spellchecker instance
[06/02/17, 22:31:42:029] info: Actually installing spell check provider to Electron
[06/02/17, 22:31:42:731] info: Loading dictionary for language en-US
[06/02/17, 22:31:42:732] info: Returning local copy: /home/dayfun/.config/Slack/dictionaries/en-US.bdic
[06/02/17, 22:31:42:782] info: Setting current spellchecker to en-US, requested language was en-US
[06/03/17, 16:48:04:207] info: ╔════════════════════════════════════════════════════════════════════════════════╗
[06/03/17, 16:48:04:208] info: ║      Slack 2.6.2, linux 4.8.0-53-generic on x64 at 06/03/17, 16:48:04:196      ║
[06/03/17, 16:48:04:209] info: ╚════════════════════════════════════════════════════════════════════════════════╝
[06/03/17, 16:48:04:887] info: updateSuspendResume: true
[06/03/17, 16:48:06:738] info: Store: SET_TEAM_IDLE_TIMEOUT
{ timeout: 43200, teamId: 'T04067NNM' }
[06/03/17, 16:48:07:019] info: Store: SELECT_CHANNEL C04067NR5
[06/03/17, 16:48:07:026] info: Store: UPDATE_TEAM_THEME
{ theme: 
   { column_bg: '#4D394B',
     menu_bg: '#3E313C',
     active_item: '#4C9689',
     active_item_text: '#FFFFFF',
     hover_item: '#3E313C',
     text_color: '#FFFFFF',
     active_presence: '#38978D',
     badge: '#EB4D5C' },
  teamId: 'T04067NNM' }
[06/03/17, 16:48:08:072] info: Store: UPDATE_TEAM_ICONS
{ icons: 
   { image_34: 'https://s3-us-west-2.amazonaws.com/slack-files2/avatars/2015-03-11/4008826306_ccdc66a0990bcdbbd421_34.jpg',
     image_44: 'https://s3-us-west-2.amazonaws.com/slack-files2/avatars/2015-03-11/4008826306_ccdc66a0990bcdbbd421_44.jpg',
     image_68: 'https://s3-us-west-2.amazonaws.com/slack-files2/avatars/2015-03-11/4008826306_ccdc66a0990bcdbbd421_68.jpg',
     image_88: 'https://s3-us-west-2.amazonaws.com/slack-files2/avatars/2015-03-11/4008826306_ccdc66a0990bcdbbd421_88.jpg',
     image_102: 'https://s3-us-west-2.amazonaws.com/slack-files2/avatars/2015-03-11/4008826306_ccdc66a0990bcdbbd421_102.jpg',
     image_132: 'https://s3-us-west-2.amazonaws.com/slack-files2/avatars/2015-03-11/4008826306_ccdc66a0990bcdbbd421_132.jpg',
     image_original: 'https://s3-us-west-2.amazonaws.com/slack-files2/avatars/2015-03-11/4008826306_ccdc66a0990bcdbbd421_original.jpg',
     image_230: 'https://s3-us-west-2.amazonaws.com/slack-files2/avatars/2015-03-11/4008826306_ccdc66a0990bcdbbd421_132.jpg' },
  teamId: 'T04067NNM' }
[06/03/17, 16:48:08:940] info: Raw Locale list: ["C","C.UTF-8","en_AG","en_AG.utf8","en_AU.utf8","en_BW.utf8","en_CA.utf8","en_DK.utf8","en_GB.utf8","en_HK.utf8","en_IE.utf8","en_IN","en_IN.utf8","en_NG","en_NG.utf8","en_NZ.utf8","en_PH.utf8","en_SG.utf8","en_US.utf8","en_ZA.utf8","en_ZM","en_ZM.utf8","en_ZW.utf8","POSIX",""]
[06/03/17, 16:48:08:941] info: Filtered Locale list: ["en_AG","en_AG","en_AU","en_BW","en_CA","en_DK","en_GB","en_HK","en_IE","en_IN","en_IN","en_NG","en_NG","en_NZ","en_PH","en_SG","en_US","en_ZA","en_ZM","en_ZM","en_ZW"]
[06/03/17, 16:48:08:942] info: Counts: {"en":["en_AG","en_AG","en_AU","en_BW","en_CA","en_DK","en_GB","en_HK","en_IE","en_IN","en_IN","en_NG","en_NG","en_NZ","en_PH","en_SG","en_US","en_ZA","en_ZM","en_ZM","en_ZW"]}
[06/03/17, 16:48:08:944] info: Result: {"en":"en-US"}
[06/03/17, 16:48:08:949] info: Requesting to load en-US, alternatives are ["en-US","en-US","en-US"]
[06/03/17, 16:48:08:951] info: Loading dictionary for language en-US
[06/03/17, 16:48:08:952] info: Returning local copy: /home/dayfun/.config/Slack/dictionaries/en-US.bdic
[06/03/17, 16:48:08:968] info: Setting current spellchecker to en-US, requested language was en-US
[06/03/17, 16:48:08:969] info: Creating node-spellchecker instance
[06/03/17, 16:48:08:971] info: Actually installing spell check provider to Electron
[06/03/17, 16:48:09:553] info: Loading dictionary for language en-US
[06/03/17, 16:48:09:554] info: Returning local copy: /home/dayfun/.config/Slack/dictionaries/en-US.bdic
[06/03/17, 16:48:09:563] info: Setting current spellchecker to en-US, requested language was en-US
