[05/30/17, 11:12:56:492] info: ╔════════════════════════════════════════════════════════════════════════════════╗
[05/30/17, 11:12:56:493] info: ║      Slack 2.6.2, linux 4.8.0-52-generic on x64 at 05/30/17, 11:12:56:487      ║
[05/30/17, 11:12:56:494] info: ╚════════════════════════════════════════════════════════════════════════════════╝
[05/30/17, 11:17:09:456] info: ╔════════════════════════════════════════════════════════════════════════════════╗
[05/30/17, 11:17:09:457] info: ║      Slack 2.6.2, linux 4.8.0-52-generic on x64 at 05/30/17, 11:17:09:450      ║
[05/30/17, 11:17:09:458] info: ╚════════════════════════════════════════════════════════════════════════════════╝
[05/30/17, 11:24:43:655] info: ╔════════════════════════════════════════════════════════════════════════════════╗
[05/30/17, 11:24:43:656] info: ║      Slack 2.6.2, linux 4.8.0-52-generic on x64 at 05/30/17, 11:24:43:650      ║
[05/30/17, 11:24:43:657] info: ╚════════════════════════════════════════════════════════════════════════════════╝
[05/30/17, 11:26:33:897] info: ╔════════════════════════════════════════════════════════════════════════════════╗
[05/30/17, 11:26:33:898] info: ║      Slack 2.6.2, linux 4.8.0-52-generic on x64 at 05/30/17, 11:26:33:891      ║
[05/30/17, 11:26:33:899] info: ╚════════════════════════════════════════════════════════════════════════════════╝
[05/30/17, 11:41:34:432] info: ╔════════════════════════════════════════════════════════════════════════════════╗
[05/30/17, 11:41:34:434] info: ║      Slack 2.6.2, linux 4.8.0-52-generic on x64 at 05/30/17, 11:41:34:426      ║
[05/30/17, 11:41:34:435] info: ╚════════════════════════════════════════════════════════════════════════════════╝
[05/30/17, 11:42:48:258] info: ╔════════════════════════════════════════════════════════════════════════════════╗
[05/30/17, 11:42:48:259] info: ║      Slack 2.6.2, linux 4.8.0-53-generic on x64 at 05/30/17, 11:42:48:252      ║
[05/30/17, 11:42:48:260] info: ╚════════════════════════════════════════════════════════════════════════════════╝
[05/30/17, 15:46:59:352] info: ╔════════════════════════════════════════════════════════════════════════════════╗
[05/30/17, 15:46:59:353] info: ║      Slack 2.6.2, linux 4.8.0-53-generic on x64 at 05/30/17, 15:46:59:346      ║
[05/30/17, 15:46:59:354] info: ╚════════════════════════════════════════════════════════════════════════════════╝
[05/30/17, 20:14:36:389] info: ╔════════════════════════════════════════════════════════════════════════════════╗
[05/30/17, 20:14:36:390] info: ║      Slack 2.6.2, linux 4.8.0-53-generic on x64 at 05/30/17, 20:14:36:384      ║
[05/30/17, 20:14:36:391] info: ╚════════════════════════════════════════════════════════════════════════════════╝
[05/30/17, 20:31:49:542] info: ╔════════════════════════════════════════════════════════════════════════════════╗
[05/30/17, 20:31:49:543] info: ║      Slack 2.6.2, linux 4.8.0-53-generic on x64 at 05/30/17, 20:31:49:536      ║
[05/30/17, 20:31:49:544] info: ╚════════════════════════════════════════════════════════════════════════════════╝
[05/30/17, 20:38:18:469] info: ╔════════════════════════════════════════════════════════════════════════════════╗
[05/30/17, 20:38:18:470] info: ║      Slack 2.6.2, linux 4.8.0-53-generic on x64 at 05/30/17, 20:38:18:464      ║
[05/30/17, 20:38:18:470] info: ╚════════════════════════════════════════════════════════════════════════════════╝
[05/30/17, 22:04:23:109] info: ╔════════════════════════════════════════════════════════════════════════════════╗
[05/30/17, 22:04:23:111] info: ║      Slack 2.6.2, linux 4.8.0-53-generic on x64 at 05/30/17, 22:04:23:102      ║
[05/30/17, 22:04:23:112] info: ╚════════════════════════════════════════════════════════════════════════════════╝
[05/30/17, 22:19:34:314] info: ╔════════════════════════════════════════════════════════════════════════════════╗
[05/30/17, 22:19:34:316] info: ║      Slack 2.6.2, linux 4.8.0-53-generic on x64 at 05/30/17, 22:19:34:306      ║
[05/30/17, 22:19:34:317] info: ╚════════════════════════════════════════════════════════════════════════════════╝
[05/31/17, 01:24:59:491] info: ╔════════════════════════════════════════════════════════════════════════════════╗
[05/31/17, 01:24:59:493] info: ║      Slack 2.6.2, linux 4.8.0-53-generic on x64 at 05/31/17, 01:24:59:483      ║
[05/31/17, 01:24:59:494] info: ╚════════════════════════════════════════════════════════════════════════════════╝
[05/31/17, 11:12:43:866] info: ╔════════════════════════════════════════════════════════════════════════════════╗
[05/31/17, 11:12:43:867] info: ║      Slack 2.6.2, linux 4.8.0-53-generic on x64 at 05/31/17, 11:12:43:859      ║
[05/31/17, 11:12:43:868] info: ╚════════════════════════════════════════════════════════════════════════════════╝
[05/31/17, 14:17:59:176] info: ╔════════════════════════════════════════════════════════════════════════════════╗
[05/31/17, 14:17:59:177] info: ║      Slack 2.6.2, linux 4.8.0-53-generic on x64 at 05/31/17, 14:17:59:171      ║
[05/31/17, 14:17:59:177] info: ╚════════════════════════════════════════════════════════════════════════════════╝
[05/31/17, 14:58:29:599] info: ╔════════════════════════════════════════════════════════════════════════════════╗
[05/31/17, 14:58:29:601] info: ║      Slack 2.6.2, linux 4.8.0-53-generic on x64 at 05/31/17, 14:58:29:594      ║
[05/31/17, 14:58:29:601] info: ╚════════════════════════════════════════════════════════════════════════════════╝
[05/31/17, 15:00:40:048] info: ╔════════════════════════════════════════════════════════════════════════════════╗
[05/31/17, 15:00:40:050] info: ║      Slack 2.6.2, linux 4.8.0-53-generic on x64 at 05/31/17, 15:00:40:041      ║
[05/31/17, 15:00:40:051] info: ╚════════════════════════════════════════════════════════════════════════════════╝
[05/31/17, 15:06:10:917] info: ╔════════════════════════════════════════════════════════════════════════════════╗
[05/31/17, 15:06:10:919] info: ║      Slack 2.6.2, linux 4.8.0-53-generic on x64 at 05/31/17, 15:06:10:909      ║
[05/31/17, 15:06:10:919] info: ╚════════════════════════════════════════════════════════════════════════════════╝
[05/31/17, 19:08:55:264] info: ╔════════════════════════════════════════════════════════════════════════════════╗
[05/31/17, 19:08:55:266] info: ║      Slack 2.6.2, linux 4.8.0-53-generic on x64 at 05/31/17, 19:08:55:252      ║
[05/31/17, 19:08:55:267] info: ╚════════════════════════════════════════════════════════════════════════════════╝
[06/01/17, 14:26:39:005] info: ╔════════════════════════════════════════════════════════════════════════════════╗
[06/01/17, 14:26:39:006] info: ║      Slack 2.6.2, linux 4.8.0-53-generic on x64 at 06/01/17, 14:26:39:000      ║
[06/01/17, 14:26:39:007] info: ╚════════════════════════════════════════════════════════════════════════════════╝
[06/02/17, 06:45:33:276] info: ╔════════════════════════════════════════════════════════════════════════════════╗
[06/02/17, 06:45:33:278] info: ║      Slack 2.6.2, linux 4.8.0-53-generic on x64 at 06/02/17, 06:45:33:268      ║
[06/02/17, 06:45:33:278] info: ╚════════════════════════════════════════════════════════════════════════════════╝
[06/02/17, 11:01:49:245] info: ╔════════════════════════════════════════════════════════════════════════════════╗
[06/02/17, 11:01:49:246] info: ║      Slack 2.6.2, linux 4.8.0-53-generic on x64 at 06/02/17, 11:01:49:241      ║
[06/02/17, 11:01:49:247] info: ╚════════════════════════════════════════════════════════════════════════════════╝
[06/02/17, 13:37:44:631] info: ╔════════════════════════════════════════════════════════════════════════════════╗
[06/02/17, 13:37:44:632] info: ║      Slack 2.6.2, linux 4.8.0-53-generic on x64 at 06/02/17, 13:37:44:626      ║
[06/02/17, 13:37:44:632] info: ╚════════════════════════════════════════════════════════════════════════════════╝
[06/02/17, 13:44:48:486] info: Window is unloading, winssb is no longer accessible
[06/02/17, 13:44:48:980] info: ╔════════════════════════════════════════════════════════════════════════════════╗
[06/02/17, 13:44:48:981] info: ║      Slack 2.6.2, linux 4.8.0-53-generic on x64 at 06/02/17, 13:44:48:975      ║
[06/02/17, 13:44:48:981] info: ╚════════════════════════════════════════════════════════════════════════════════╝
[06/02/17, 13:48:35:840] info: ╔════════════════════════════════════════════════════════════════════════════════╗
[06/02/17, 13:48:35:841] info: ║      Slack 2.6.2, linux 4.8.0-53-generic on x64 at 06/02/17, 13:48:35:834      ║
[06/02/17, 13:48:35:841] info: ╚════════════════════════════════════════════════════════════════════════════════╝
[06/02/17, 13:58:46:863] info: ╔════════════════════════════════════════════════════════════════════════════════╗
[06/02/17, 13:58:46:866] info: ║      Slack 2.6.2, linux 4.8.0-53-generic on x64 at 06/02/17, 13:58:46:849      ║
[06/02/17, 13:58:46:868] info: ╚════════════════════════════════════════════════════════════════════════════════╝
[06/02/17, 13:58:47:496] info: updateSuspendResume: true
[06/02/17, 13:58:49:994] info: Store: SET_TEAM_IDLE_TIMEOUT
{ timeout: 43200, teamId: 'T09229ZC6' }
[06/02/17, 13:58:50:504] info: Store: SELECT_CHANNEL C0922A726
[06/02/17, 13:58:50:513] info: Store: UPDATE_TEAM_THEME
{ theme: 
   { column_bg: '#4D394B',
     menu_bg: '#3E313C',
     active_item: '#4C9689',
     active_item_text: '#FFFFFF',
     hover_item: '#3E313C',
     text_color: '#FFFFFF',
     active_presence: '#38978D',
     badge: '#EB4D5C' },
  teamId: 'T09229ZC6' }
[06/02/17, 13:58:53:206] info: Store: UPDATE_TEAM_ICONS
{ icons: 
   { image_34: 'https://s3-us-west-2.amazonaws.com/slack-files2/avatars/2017-02-17/142892972867_19dc16bf07401bccd929_34.png',
     image_44: 'https://s3-us-west-2.amazonaws.com/slack-files2/avatars/2017-02-17/142892972867_19dc16bf07401bccd929_44.png',
     image_68: 'https://s3-us-west-2.amazonaws.com/slack-files2/avatars/2017-02-17/142892972867_19dc16bf07401bccd929_68.png',
     image_88: 'https://s3-us-west-2.amazonaws.com/slack-files2/avatars/2017-02-17/142892972867_19dc16bf07401bccd929_88.png',
     image_102: 'https://s3-us-west-2.amazonaws.com/slack-files2/avatars/2017-02-17/142892972867_19dc16bf07401bccd929_102.png',
     image_132: 'https://s3-us-west-2.amazonaws.com/slack-files2/avatars/2017-02-17/142892972867_19dc16bf07401bccd929_132.png',
     image_original: 'https://s3-us-west-2.amazonaws.com/slack-files2/avatars/2017-02-17/142892972867_19dc16bf07401bccd929_original.png',
     image_230: 'https://s3-us-west-2.amazonaws.com/slack-files2/avatars/2017-02-17/142892972867_19dc16bf07401bccd929_230.png' },
  teamId: 'T09229ZC6' }
[06/02/17, 13:58:54:855] info: Raw Locale list: ["C","C.UTF-8","en_AG","en_AG.utf8","en_AU.utf8","en_BW.utf8","en_CA.utf8","en_DK.utf8","en_GB.utf8","en_HK.utf8","en_IE.utf8","en_IN","en_IN.utf8","en_NG","en_NG.utf8","en_NZ.utf8","en_PH.utf8","en_SG.utf8","en_US.utf8","en_ZA.utf8","en_ZM","en_ZM.utf8","en_ZW.utf8","POSIX",""]
[06/02/17, 13:58:54:856] info: Filtered Locale list: ["en_AG","en_AG","en_AU","en_BW","en_CA","en_DK","en_GB","en_HK","en_IE","en_IN","en_IN","en_NG","en_NG","en_NZ","en_PH","en_SG","en_US","en_ZA","en_ZM","en_ZM","en_ZW"]
[06/02/17, 13:58:54:857] info: Counts: {"en":["en_AG","en_AG","en_AU","en_BW","en_CA","en_DK","en_GB","en_HK","en_IE","en_IN","en_IN","en_NG","en_NG","en_NZ","en_PH","en_SG","en_US","en_ZA","en_ZM","en_ZM","en_ZW"]}
[06/02/17, 13:58:54:859] info: Result: {"en":"en-US"}
[06/02/17, 13:58:54:864] info: Requesting to load en-US, alternatives are ["en-US","en-US","en-US"]
[06/02/17, 13:58:54:866] info: Loading dictionary for language en-US
[06/02/17, 13:58:54:868] info: Returning local copy: /home/dayfun/.config/Slack/dictionaries/en-US.bdic
[06/02/17, 13:58:55:160] info: Setting current spellchecker to en-US, requested language was en-US
[06/02/17, 13:58:55:161] info: Creating node-spellchecker instance
[06/02/17, 13:58:55:163] info: Actually installing spell check provider to Electron
[06/02/17, 13:58:55:165] info: Loading dictionary for language en-US
[06/02/17, 13:58:55:166] info: Returning local copy: /home/dayfun/.config/Slack/dictionaries/en-US.bdic
[06/02/17, 13:58:55:170] info: Setting current spellchecker to en-US, requested language was en-US
[06/02/17, 14:31:58:108] info: ╔════════════════════════════════════════════════════════════════════════════════╗
[06/02/17, 14:31:58:114] info: ║      Slack 2.6.2, linux 4.8.0-53-generic on x64 at 06/02/17, 14:31:58:085      ║
[06/02/17, 14:31:58:116] info: ╚════════════════════════════════════════════════════════════════════════════════╝
[06/02/17, 14:31:59:043] info: updateSuspendResume: true
[06/02/17, 14:32:01:841] info: Store: SET_TEAM_IDLE_TIMEOUT
{ timeout: 43200, teamId: 'T09229ZC6' }
[06/02/17, 14:32:02:217] info: Store: SELECT_CHANNEL C0922A726
[06/02/17, 14:32:02:228] info: Store: UPDATE_TEAM_THEME
{ theme: 
   { column_bg: '#4D394B',
     menu_bg: '#3E313C',
     active_item: '#4C9689',
     active_item_text: '#FFFFFF',
     hover_item: '#3E313C',
     text_color: '#FFFFFF',
     active_presence: '#38978D',
     badge: '#EB4D5C' },
  teamId: 'T09229ZC6' }
[06/02/17, 14:32:05:097] info: Store: UPDATE_TEAM_ICONS
{ icons: 
   { image_34: 'https://s3-us-west-2.amazonaws.com/slack-files2/avatars/2017-02-17/142892972867_19dc16bf07401bccd929_34.png',
     image_44: 'https://s3-us-west-2.amazonaws.com/slack-files2/avatars/2017-02-17/142892972867_19dc16bf07401bccd929_44.png',
     image_68: 'https://s3-us-west-2.amazonaws.com/slack-files2/avatars/2017-02-17/142892972867_19dc16bf07401bccd929_68.png',
     image_88: 'https://s3-us-west-2.amazonaws.com/slack-files2/avatars/2017-02-17/142892972867_19dc16bf07401bccd929_88.png',
     image_102: 'https://s3-us-west-2.amazonaws.com/slack-files2/avatars/2017-02-17/142892972867_19dc16bf07401bccd929_102.png',
     image_132: 'https://s3-us-west-2.amazonaws.com/slack-files2/avatars/2017-02-17/142892972867_19dc16bf07401bccd929_132.png',
     image_original: 'https://s3-us-west-2.amazonaws.com/slack-files2/avatars/2017-02-17/142892972867_19dc16bf07401bccd929_original.png',
     image_230: 'https://s3-us-west-2.amazonaws.com/slack-files2/avatars/2017-02-17/142892972867_19dc16bf07401bccd929_230.png' },
  teamId: 'T09229ZC6' }
[06/02/17, 14:32:07:724] info: Raw Locale list: ["C","C.UTF-8","en_AG","en_AG.utf8","en_AU.utf8","en_BW.utf8","en_CA.utf8","en_DK.utf8","en_GB.utf8","en_HK.utf8","en_IE.utf8","en_IN","en_IN.utf8","en_NG","en_NG.utf8","en_NZ.utf8","en_PH.utf8","en_SG.utf8","en_US.utf8","en_ZA.utf8","en_ZM","en_ZM.utf8","en_ZW.utf8","POSIX",""]
[06/02/17, 14:32:07:734] info: Filtered Locale list: ["en_AG","en_AG","en_AU","en_BW","en_CA","en_DK","en_GB","en_HK","en_IE","en_IN","en_IN","en_NG","en_NG","en_NZ","en_PH","en_SG","en_US","en_ZA","en_ZM","en_ZM","en_ZW"]
[06/02/17, 14:32:07:736] info: Counts: {"en":["en_AG","en_AG","en_AU","en_BW","en_CA","en_DK","en_GB","en_HK","en_IE","en_IN","en_IN","en_NG","en_NG","en_NZ","en_PH","en_SG","en_US","en_ZA","en_ZM","en_ZM","en_ZW"]}
[06/02/17, 14:32:07:738] info: Result: {"en":"en-US"}
[06/02/17, 14:32:07:742] info: Requesting to load en-US, alternatives are ["en-US","en-US","en-US"]
[06/02/17, 14:32:07:745] info: Loading dictionary for language en-US
[06/02/17, 14:32:07:746] info: Returning local copy: /home/dayfun/.config/Slack/dictionaries/en-US.bdic
[06/02/17, 14:32:07:874] info: Requesting to load en-US, alternatives are ["en-US","en-US","en-US"]
[06/02/17, 14:32:07:875] info: Loading dictionary for language en-US
[06/02/17, 14:32:07:877] info: Returning local copy: /home/dayfun/.config/Slack/dictionaries/en-US.bdic
[06/02/17, 14:32:07:897] info: Setting current spellchecker to en-US, requested language was en-US
[06/02/17, 14:32:07:899] info: Creating node-spellchecker instance
[06/02/17, 14:32:07:903] info: Actually installing spell check provider to Electron
[06/02/17, 14:32:07:915] info: Setting current spellchecker to en-US, requested language was en-US
[06/02/17, 14:33:53:067] info: ╔════════════════════════════════════════════════════════════════════════════════╗
[06/02/17, 14:33:53:071] info: ║      Slack 2.6.2, linux 4.8.0-53-generic on x64 at 06/02/17, 14:33:53:050      ║
[06/02/17, 14:33:53:073] info: ╚════════════════════════════════════════════════════════════════════════════════╝
[06/02/17, 14:33:53:940] info: updateSuspendResume: true
[06/02/17, 14:33:56:703] info: Store: SET_TEAM_IDLE_TIMEOUT
{ timeout: 43200, teamId: 'T09229ZC6' }
[06/02/17, 14:33:57:501] info: Store: SELECT_CHANNEL C0922A726
[06/02/17, 14:33:57:525] info: Store: UPDATE_TEAM_THEME
{ theme: 
   { column_bg: '#4D394B',
     menu_bg: '#3E313C',
     active_item: '#4C9689',
     active_item_text: '#FFFFFF',
     hover_item: '#3E313C',
     text_color: '#FFFFFF',
     active_presence: '#38978D',
     badge: '#EB4D5C' },
  teamId: 'T09229ZC6' }
[06/02/17, 14:34:00:187] info: Store: UPDATE_TEAM_ICONS
{ icons: 
   { image_34: 'https://s3-us-west-2.amazonaws.com/slack-files2/avatars/2017-02-17/142892972867_19dc16bf07401bccd929_34.png',
     image_44: 'https://s3-us-west-2.amazonaws.com/slack-files2/avatars/2017-02-17/142892972867_19dc16bf07401bccd929_44.png',
     image_68: 'https://s3-us-west-2.amazonaws.com/slack-files2/avatars/2017-02-17/142892972867_19dc16bf07401bccd929_68.png',
     image_88: 'https://s3-us-west-2.amazonaws.com/slack-files2/avatars/2017-02-17/142892972867_19dc16bf07401bccd929_88.png',
     image_102: 'https://s3-us-west-2.amazonaws.com/slack-files2/avatars/2017-02-17/142892972867_19dc16bf07401bccd929_102.png',
     image_132: 'https://s3-us-west-2.amazonaws.com/slack-files2/avatars/2017-02-17/142892972867_19dc16bf07401bccd929_132.png',
     image_original: 'https://s3-us-west-2.amazonaws.com/slack-files2/avatars/2017-02-17/142892972867_19dc16bf07401bccd929_original.png',
     image_230: 'https://s3-us-west-2.amazonaws.com/slack-files2/avatars/2017-02-17/142892972867_19dc16bf07401bccd929_230.png' },
  teamId: 'T09229ZC6' }
[06/02/17, 14:34:02:952] info: Raw Locale list: ["C","C.UTF-8","en_AG","en_AG.utf8","en_AU.utf8","en_BW.utf8","en_CA.utf8","en_DK.utf8","en_GB.utf8","en_HK.utf8","en_IE.utf8","en_IN","en_IN.utf8","en_NG","en_NG.utf8","en_NZ.utf8","en_PH.utf8","en_SG.utf8","en_US.utf8","en_ZA.utf8","en_ZM","en_ZM.utf8","en_ZW.utf8","POSIX",""]
[06/02/17, 14:34:02:954] info: Filtered Locale list: ["en_AG","en_AG","en_AU","en_BW","en_CA","en_DK","en_GB","en_HK","en_IE","en_IN","en_IN","en_NG","en_NG","en_NZ","en_PH","en_SG","en_US","en_ZA","en_ZM","en_ZM","en_ZW"]
[06/02/17, 14:34:02:959] info: Counts: {"en":["en_AG","en_AG","en_AU","en_BW","en_CA","en_DK","en_GB","en_HK","en_IE","en_IN","en_IN","en_NG","en_NG","en_NZ","en_PH","en_SG","en_US","en_ZA","en_ZM","en_ZM","en_ZW"]}
[06/02/17, 14:34:02:961] info: Result: {"en":"en-US"}
[06/02/17, 14:34:02:968] info: Requesting to load en-US, alternatives are ["en-US","en-US","en-US"]
[06/02/17, 14:34:02:973] info: Loading dictionary for language en-US
[06/02/17, 14:34:02:974] info: Returning local copy: /home/dayfun/.config/Slack/dictionaries/en-US.bdic
[06/02/17, 14:34:03:021] info: Requesting to load en-US, alternatives are ["en-US","en-US","en-US"]
[06/02/17, 14:34:03:023] info: Loading dictionary for language en-US
[06/02/17, 14:34:03:024] info: Returning local copy: /home/dayfun/.config/Slack/dictionaries/en-US.bdic
[06/02/17, 14:34:03:041] info: Setting current spellchecker to en-US, requested language was en-US
[06/02/17, 14:34:03:042] info: Creating node-spellchecker instance
[06/02/17, 14:34:03:045] info: Actually installing spell check provider to Electron
[06/02/17, 14:34:03:059] info: Setting current spellchecker to en-US, requested language was en-US
[06/02/17, 22:31:35:115] info: ╔════════════════════════════════════════════════════════════════════════════════╗
[06/02/17, 22:31:35:119] info: ║      Slack 2.6.2, linux 4.8.0-53-generic on x64 at 06/02/17, 22:31:35:096      ║
[06/02/17, 22:31:35:120] info: ╚════════════════════════════════════════════════════════════════════════════════╝
[06/02/17, 22:31:35:827] info: updateSuspendResume: true
[06/02/17, 22:31:38:506] info: Store: SET_TEAM_IDLE_TIMEOUT
{ timeout: 43200, teamId: 'T09229ZC6' }
[06/02/17, 22:31:38:896] info: Store: SELECT_CHANNEL C0922A726
[06/02/17, 22:31:38:909] info: Store: UPDATE_TEAM_THEME
{ theme: 
   { column_bg: '#4D394B',
     menu_bg: '#3E313C',
     active_item: '#4C9689',
     active_item_text: '#FFFFFF',
     hover_item: '#3E313C',
     text_color: '#FFFFFF',
     active_presence: '#38978D',
     badge: '#EB4D5C' },
  teamId: 'T09229ZC6' }
[06/02/17, 22:31:41:133] info: Store: UPDATE_TEAM_ICONS
{ icons: 
   { image_34: 'https://s3-us-west-2.amazonaws.com/slack-files2/avatars/2017-02-17/142892972867_19dc16bf07401bccd929_34.png',
     image_44: 'https://s3-us-west-2.amazonaws.com/slack-files2/avatars/2017-02-17/142892972867_19dc16bf07401bccd929_44.png',
     image_68: 'https://s3-us-west-2.amazonaws.com/slack-files2/avatars/2017-02-17/142892972867_19dc16bf07401bccd929_68.png',
     image_88: 'https://s3-us-west-2.amazonaws.com/slack-files2/avatars/2017-02-17/142892972867_19dc16bf07401bccd929_88.png',
     image_102: 'https://s3-us-west-2.amazonaws.com/slack-files2/avatars/2017-02-17/142892972867_19dc16bf07401bccd929_102.png',
     image_132: 'https://s3-us-west-2.amazonaws.com/slack-files2/avatars/2017-02-17/142892972867_19dc16bf07401bccd929_132.png',
     image_original: 'https://s3-us-west-2.amazonaws.com/slack-files2/avatars/2017-02-17/142892972867_19dc16bf07401bccd929_original.png',
     image_230: 'https://s3-us-west-2.amazonaws.com/slack-files2/avatars/2017-02-17/142892972867_19dc16bf07401bccd929_230.png' },
  teamId: 'T09229ZC6' }
[06/02/17, 22:31:43:058] info: Raw Locale list: ["C","C.UTF-8","en_AG","en_AG.utf8","en_AU.utf8","en_BW.utf8","en_CA.utf8","en_DK.utf8","en_GB.utf8","en_HK.utf8","en_IE.utf8","en_IN","en_IN.utf8","en_NG","en_NG.utf8","en_NZ.utf8","en_PH.utf8","en_SG.utf8","en_US.utf8","en_ZA.utf8","en_ZM","en_ZM.utf8","en_ZW.utf8","POSIX",""]
[06/02/17, 22:31:43:060] info: Filtered Locale list: ["en_AG","en_AG","en_AU","en_BW","en_CA","en_DK","en_GB","en_HK","en_IE","en_IN","en_IN","en_NG","en_NG","en_NZ","en_PH","en_SG","en_US","en_ZA","en_ZM","en_ZM","en_ZW"]
[06/02/17, 22:31:43:061] info: Counts: {"en":["en_AG","en_AG","en_AU","en_BW","en_CA","en_DK","en_GB","en_HK","en_IE","en_IN","en_IN","en_NG","en_NG","en_NZ","en_PH","en_SG","en_US","en_ZA","en_ZM","en_ZM","en_ZW"]}
[06/02/17, 22:31:43:065] info: Result: {"en":"en-US"}
[06/02/17, 22:31:43:068] info: Requesting to load en-US, alternatives are ["en-US","en-US","en-US"]
[06/02/17, 22:31:43:076] info: Loading dictionary for language en-US
[06/02/17, 22:31:43:077] info: Returning local copy: /home/dayfun/.config/Slack/dictionaries/en-US.bdic
[06/02/17, 22:31:43:120] info: Requesting to load en-US, alternatives are ["en-US","en-US","en-US"]
[06/02/17, 22:31:43:122] info: Loading dictionary for language en-US
[06/02/17, 22:31:43:123] info: Returning local copy: /home/dayfun/.config/Slack/dictionaries/en-US.bdic
[06/02/17, 22:31:43:132] info: Setting current spellchecker to en-US, requested language was en-US
[06/02/17, 22:31:43:134] info: Creating node-spellchecker instance
[06/02/17, 22:31:43:136] info: Actually installing spell check provider to Electron
[06/02/17, 22:31:43:138] info: Setting current spellchecker to en-US, requested language was en-US
[06/03/17, 16:48:04:210] info: ╔════════════════════════════════════════════════════════════════════════════════╗
[06/03/17, 16:48:04:212] info: ║      Slack 2.6.2, linux 4.8.0-53-generic on x64 at 06/03/17, 16:48:04:196      ║
[06/03/17, 16:48:04:213] info: ╚════════════════════════════════════════════════════════════════════════════════╝
[06/03/17, 16:48:04:817] info: updateSuspendResume: true
[06/03/17, 16:48:06:676] info: Store: SET_TEAM_IDLE_TIMEOUT
{ timeout: 43200, teamId: 'T09229ZC6' }
[06/03/17, 16:48:06:913] info: Store: SELECT_CHANNEL C0922A726
[06/03/17, 16:48:06:924] info: Store: UPDATE_TEAM_THEME
{ theme: 
   { column_bg: '#4D394B',
     menu_bg: '#3E313C',
     active_item: '#4C9689',
     active_item_text: '#FFFFFF',
     hover_item: '#3E313C',
     text_color: '#FFFFFF',
     active_presence: '#38978D',
     badge: '#EB4D5C' },
  teamId: 'T09229ZC6' }
[06/03/17, 16:48:08:546] info: Store: UPDATE_TEAM_ICONS
{ icons: 
   { image_34: 'https://s3-us-west-2.amazonaws.com/slack-files2/avatars/2017-02-17/142892972867_19dc16bf07401bccd929_34.png',
     image_44: 'https://s3-us-west-2.amazonaws.com/slack-files2/avatars/2017-02-17/142892972867_19dc16bf07401bccd929_44.png',
     image_68: 'https://s3-us-west-2.amazonaws.com/slack-files2/avatars/2017-02-17/142892972867_19dc16bf07401bccd929_68.png',
     image_88: 'https://s3-us-west-2.amazonaws.com/slack-files2/avatars/2017-02-17/142892972867_19dc16bf07401bccd929_88.png',
     image_102: 'https://s3-us-west-2.amazonaws.com/slack-files2/avatars/2017-02-17/142892972867_19dc16bf07401bccd929_102.png',
     image_132: 'https://s3-us-west-2.amazonaws.com/slack-files2/avatars/2017-02-17/142892972867_19dc16bf07401bccd929_132.png',
     image_original: 'https://s3-us-west-2.amazonaws.com/slack-files2/avatars/2017-02-17/142892972867_19dc16bf07401bccd929_original.png',
     image_230: 'https://s3-us-west-2.amazonaws.com/slack-files2/avatars/2017-02-17/142892972867_19dc16bf07401bccd929_230.png' },
  teamId: 'T09229ZC6' }
[06/03/17, 16:48:09:677] info: Raw Locale list: ["C","C.UTF-8","en_AG","en_AG.utf8","en_AU.utf8","en_BW.utf8","en_CA.utf8","en_DK.utf8","en_GB.utf8","en_HK.utf8","en_IE.utf8","en_IN","en_IN.utf8","en_NG","en_NG.utf8","en_NZ.utf8","en_PH.utf8","en_SG.utf8","en_US.utf8","en_ZA.utf8","en_ZM","en_ZM.utf8","en_ZW.utf8","POSIX",""]
[06/03/17, 16:48:09:678] info: Filtered Locale list: ["en_AG","en_AG","en_AU","en_BW","en_CA","en_DK","en_GB","en_HK","en_IE","en_IN","en_IN","en_NG","en_NG","en_NZ","en_PH","en_SG","en_US","en_ZA","en_ZM","en_ZM","en_ZW"]
[06/03/17, 16:48:09:679] info: Counts: {"en":["en_AG","en_AG","en_AU","en_BW","en_CA","en_DK","en_GB","en_HK","en_IE","en_IN","en_IN","en_NG","en_NG","en_NZ","en_PH","en_SG","en_US","en_ZA","en_ZM","en_ZM","en_ZW"]}
[06/03/17, 16:48:09:681] info: Result: {"en":"en-US"}
[06/03/17, 16:48:09:683] info: Requesting to load en-US, alternatives are ["en-US","en-US","en-US"]
[06/03/17, 16:48:09:685] info: Loading dictionary for language en-US
[06/03/17, 16:48:09:686] info: Returning local copy: /home/dayfun/.config/Slack/dictionaries/en-US.bdic
[06/03/17, 16:48:09:931] info: Setting current spellchecker to en-US, requested language was en-US
[06/03/17, 16:48:09:932] info: Creating node-spellchecker instance
[06/03/17, 16:48:09:935] info: Actually installing spell check provider to Electron
[06/03/17, 16:48:09:956] info: Loading dictionary for language en-US
[06/03/17, 16:48:09:957] info: Returning local copy: /home/dayfun/.config/Slack/dictionaries/en-US.bdic
[06/03/17, 16:48:10:069] info: Setting current spellchecker to en-US, requested language was en-US
